2561608200,-1,138,Ranked All Pick,Ranked,42,90,63,1,44,62,85,6,58,14
2561608199,-1,155,Ranked All Pick,Ranked,95,34,73,10,22,104,18,101,111,35
2561608198,1,224,All Pick,Public matchmaking,93,84,4,75,32,39,18,74,94,2
2561608196,1,151,Single Draft,Public matchmaking,103,81,27,22,31,113,41,16,98,69
2561608195,-1,187,Ranked All Pick,Ranked,98,28,34,52,4,35,56,90,17,32
2561608194,-1,191,Ranked All Pick,Ranked,2,14,6,104,86,84,93,70,27,63
2561608193,1,224,All Pick,Public matchmaking,67,36,19,35,41,57,94,22,103,88
2561608192,-1,188,All Pick,Public matchmaking,90,73,19,6,105,44,74,98,8,68
2561608191,1,131,All Pick,Public matchmaking,47,60,9,70,93,32,53,35,44,22
2561608190,1,136,Single Draft,Public matchmaking,110,30,98,41,21,3,46,42,49,36
2561608188,1,155,All Pick,Public matchmaking,60,30,35,16,73,21,8,99,39,44
2561608187,-1,132,Single Draft,Public matchmaking,104,106,8,32,19,93,76,29,102,35
2561608186,1,181,Ranked All Pick,Ranked,53,6,84,16,48,101,14,1,18,74
2561608185,-1,151,All Pick,Public matchmaking,4,47,46,74,44,98,25,95,12,6
2561608184,-1,152,Captains Mode,Ranked,70,65,98,20,107,6,9,87,29,34
2561608172,1,261,All Pick,Public matchmaking,16,59,95,8,40,63,44,2,56,27
2561608171,1,184,All Random,Public matchmaking,22,49,60,19,48,20,96,30,59,104
2561608169,1,223,Single Draft,Public matchmaking,22,71,60,7,1,93,83,110,106,67
2561608167,-1,155,All Pick,Public matchmaking,25,106,51,45,28,110,36,6,41,9
2561608165,-1,153,Ranked All Pick,Ranked,106,93,59,44,23,11,42,35,9,7
2561608164,1,231,Ranked All Pick,Ranked,90,54,88,2,76,26,9,19,21,6
2561608163,-1,155,All Pick,Public matchmaking,40,44,18,47,6,42,5,48,93,17
2561608162,-1,156,Ranked All Pick,Ranked,32,47,93,5,13,14,21,103,10,18
2561608161,-1,227,Ranked All Pick,Ranked,23,41,9,88,3,106,84,8,30,71
2561608158,-1,184,Single Draft,Public matchmaking,72,63,81,88,17,48,10,70,8,26
2561608157,1,232,Random Draft,Ranked,20,74,23,41,6,2,32,87,54,17
2561608156,1,132,Single Draft,Public matchmaking,22,71,104,41,20,4,73,44,52,107
2561608155,-1,156,Single Draft,Public matchmaking,35,88,45,110,44,32,100,69,56,6
2561608154,-1,153,All Pick,Public matchmaking,9,32,17,22,42,103,5,47,98,19
2561608153,-1,153,Ranked All Pick,Ranked,9,33,98,97,63,75,27,8,104,73
2561608152,-1,224,Random Draft,Ranked,75,16,71,63,10,36,103,44,98,87
2561608151,-1,232,Random Draft,Ranked,35,62,42,74,18,101,20,9,12,93
2561608149,1,138,All Pick,Public matchmaking,42,48,9,35,36,104,20,6,14,46
2561608148,-1,192,Single Draft,Public matchmaking,82,113,110,98,4,40,29,67,96,8
2561608128,-1,184,Random Draft,Public matchmaking,51,109,26,46,83,98,104,73,112,58
2561608127,-1,155,Ranked All Pick,Ranked,17,61,104,93,79,74,8,23,87,9
2561608126,-1,223,Random Draft,Public matchmaking,9,44,4,42,64,71,15,84,76,37
2561608125,1,227,Random Draft,Ranked,98,18,14,75,34,94,74,41,103,40
2561608124,1,184,Ranked All Pick,Ranked,74,10,104,40,44,9,16,1,50,69
2561608122,-1,231,Ranked All Pick,Ranked,2,93,9,14,47,42,34,71,5,51
2561608121,-1,231,All Pick,Public matchmaking,96,104,73,98,71,14,44,110,41,87
2561608120,-1,132,All Pick,Public matchmaking,5,2,37,1,63,60,88,38,54,20
2561608119,-1,154,Ranked All Pick,Ranked,68,74,97,35,39,84,14,86,18,104
2561608118,1,231,All Pick,Public matchmaking,97,103,72,98,67,40,54,17,84,104
2561608117,-1,151,All Pick,Public matchmaking,15,49,6,5,30,18,112,93,20,87
2561608116,1,224,Single Draft,Public matchmaking,27,6,9,65,71,21,28,2,84,56
2561608115,1,224,All Pick,Public matchmaking,104,48,54,14,36,21,59,84,113,74
2561608111,-1,154,All Pick,Public matchmaking,84,41,16,99,18,93,5,31,34,21
2561608110,1,156,Ranked All Pick,Ranked,43,93,28,26,103,44,7,98,57,15
2561608109,1,151,All Pick,Public matchmaking,104,6,65,2,44,5,32,42,59,25
2561608108,1,188,All Pick,Public matchmaking,93,9,14,6,44,107,2,75,5,21
2561608107,-1,151,All Pick,Public matchmaking,72,5,53,73,6,82,18,106,32,44
2561608106,-1,182,All Pick,Public matchmaking,96,104,9,74,21,98,11,54,110,6
2561608105,1,151,All Pick,Public matchmaking,31,74,77,73,54,82,9,1,62,63
2561608104,-1,153,Ranked All Pick,Ranked,73,2,8,63,84,71,23,36,35,9
2561608101,1,224,All Pick,Public matchmaking,29,60,110,74,93,48,39,68,3,14
2561608100,-1,223,Random Draft,Ranked,74,32,84,99,110,8,87,41,39,18
2561608099,-1,154,All Pick,Public matchmaking,74,84,57,71,59,44,32,41,14,67
2561608097,1,184,All Pick,Public matchmaking,101,21,89,68,12,8,65,11,104,86
2561608096,-1,181,All Pick,Public matchmaking,4,22,50,61,102,20,6,44,35,19
2561608095,-1,224,All Pick,Public matchmaking,93,40,44,54,74,104,11,84,8,10
2561608094,1,171,Ranked All Pick,Ranked,14,35,104,67,71,1,9,27,43,85
2561608093,1,155,All Pick,Public matchmaking,44,35,4,32,16,104,99,70,21,13
2561608091,1,182,All Pick,Public matchmaking,10,85,54,18,56,81,12,93,32,47
2561608090,-1,186,Single Draft,Public matchmaking,17,36,25,47,12,18,45,42,99,10
2561608088,1,223,Random Draft,Ranked,73,56,18,110,62,67,32,68,98,74
2561608087,-1,186,Ranked All Pick,Ranked,14,63,3,16,104,71,86,18,20,6
2561608086,-1,227,All Pick,Public matchmaking,40,17,19,88,8,75,101,6,85,43
2561608085,-1,132,Ranked All Pick,Ranked,72,74,5,62,51,99,17,93,50,86
2561608084,1,124,All Pick,Public matchmaking,21,88,110,10,85,58,48,91,2,70
2561608062,-1,225,Ranked All Pick,Ranked,9,11,87,41,54,14,44,93,84,36
2561608061,1,223,Ranked All Pick,Ranked,97,73,28,8,31,9,62,6,70,4
2561608060,-1,185,Ranked All Pick,Ranked,63,14,44,10,54,93,40,34,66,5
2561608059,1,156,Ranked All Pick,Ranked,35,70,57,84,59,19,87,20,62,104
2561608058,1,224,All Pick,Public matchmaking,96,90,73,27,75,40,93,74,98,2
2561608057,-1,156,Captains Mode,Public matchmaking,14,42,70,40,44,90,88,60,34,15
2561608056,-1,155,Single Draft,Public matchmaking,20,45,8,81,38,6,9,21,37,5
2561608054,1,152,All Pick,Public matchmaking,40,8,94,35,6,44,93,26,73,21
2561608053,-1,121,All Pick,Public matchmaking,4,10,104,61,74,9,80,8,17,99
2561608052,1,152,All Pick,Public matchmaking,53,41,71,8,32,81,33,75,18,74
2561608051,-1,224,All Pick,Public matchmaking,104,62,57,34,9,23,8,31,87,39
2561608050,1,136,Ranked All Pick,Ranked,30,73,14,74,44,2,64,42,6,8
2561608047,-1,155,All Pick,Public matchmaking,1,58,88,49,74,20,8,31,111,17
2561608046,-1,152,Ranked All Pick,Ranked,54,2,99,64,17,103,74,104,41,98
2561608044,-1,154,Ranked All Pick,Ranked,82,74,112,28,50,106,93,7,9,49
2561608042,-1,225,Random Draft,Ranked,19,87,32,93,41,27,18,98,64,43
2561608041,1,151,All Pick,Public matchmaking,1,93,101,67,2,21,39,41,35,55
2561608039,-1,131,Random Draft,Ranked,8,2,32,19,35,69,43,63,57,95
2561608038,1,184,Ranked All Pick,Ranked,10,9,28,17,54,75,50,1,103,74
2561608037,-1,223,All Pick,Public matchmaking,35,25,19,98,47,110,18,29,12,87
2561608034,1,227,Ranked All Pick,Ranked,104,10,9,93,44,72,75,98,48,74
2561608033,1,223,Random Draft,Public matchmaking,54,88,73,27,7,79,68,23,41,28
2561608032,-1,231,Single Draft,Public matchmaking,84,35,57,29,55,53,37,89,21,7
2561608031,1,152,All Pick,Public matchmaking,105,28,70,7,9,14,99,71,6,61
2561608012,1,152,Ranked All Pick,Ranked,18,56,2,7,68,14,73,26,44,5
2561608010,1,204,All Pick,Public matchmaking,35,64,71,14,21,95,74,41,27,104
2561608009,1,152,Ranked All Pick,Ranked,93,98,7,35,26,74,36,8,104,14
2561608008,-1,154,Ranked All Pick,Ranked,75,42,53,34,28,16,44,26,110,9
2561608007,1,182,Ranked All Pick,Ranked,10,20,42,35,74,52,36,32,1,85
2561608000,1,156,Ranked All Pick,Ranked,104,34,26,10,2,82,7,1,74,103
2561607998,1,188,Ranked All Pick,Ranked,5,48,10,93,2,50,110,44,60,41
2561607997,1,155,All Pick,Public matchmaking,2,16,44,32,100,98,15,104,59,35
2561607996,1,155,Single Draft,Public matchmaking,5,104,59,93,73,4,19,34,47,35
2561607992,1,224,Ranked All Pick,Ranked,84,73,62,56,22,44,68,45,70,2
2561607991,1,225,Ranked All Pick,Ranked,49,5,35,6,32,9,99,36,53,67
2561607990,1,227,All Random Death Match,Public matchmaking,28,106,12,48,53,36,91,75,41,45
2561607989,1,231,Random Draft,Ranked,32,54,98,97,39,90,89,38,1,72
2561607988,1,191,Single Draft,Public matchmaking,44,39,4,49,35,7,30,31,40,74
2561607987,-1,186,All Pick,Public matchmaking,38,6,13,100,35,32,30,36,26,92
2561607986,1,188,All Pick,Public matchmaking,74,42,75,39,60,14,1,87,105,4
2561607985,1,138,Ranked All Pick,Ranked,104,35,102,81,22,95,74,14,44,9
2561607984,1,111,Ranked All Pick,Ranked,5,32,93,11,44,62,86,14,17,8
2561607983,1,155,Ability Draft,Public matchmaking,2,42,8,47,14,52,56,103,22,39
2561607982,-1,134,Single Draft,Public matchmaking,6,85,40,8,14,109,44,76,93,19
2561607981,-1,188,All Pick,Public matchmaking,98,101,93,60,53,96,64,19,105,71
2561607980,1,156,Ranked All Pick,Ranked,2,36,7,18,14,9,74,86,93,102
2561607979,1,155,Ranked All Pick,Ranked,104,50,98,6,2,44,39,14,94,110
2561607978,-1,171,All Pick,Public matchmaking,100,41,19,90,11,36,93,98,63,35
2561607977,1,224,All Pick,Public matchmaking,14,95,7,9,87,6,54,17,60,32
2561607976,1,181,All Pick,Public matchmaking,53,21,7,93,11,65,62,74,32,8
2561607975,1,156,All Pick,Public matchmaking,104,48,9,84,22,74,35,1,60,14
2561607974,1,183,All Pick,Public matchmaking,39,11,78,5,25,6,9,84,27,55
2561607954,-1,186,All Pick,Public matchmaking,61,35,56,94,60,14,82,5,42,27
2561607952,-1,186,All Pick,Public matchmaking,22,104,5,14,44,21,70,73,30,37
2561607948,-1,186,All Pick,Public matchmaking,32,105,14,27,93,63,91,73,19,2
2561607947,1,187,Captains Mode,Ranked,68,93,17,31,99,29,33,5,46,81
2561607946,1,225,All Pick,Public matchmaking,71,21,99,30,44,104,32,93,95,46
2561607945,1,156,Ranked All Pick,Ranked,14,21,85,7,30,75,86,87,74,8
2561607944,-1,155,Single Draft,Public matchmaking,80,46,8,10,1,43,12,47,54,6
2561607943,-1,156,Ranked All Pick,Ranked,106,59,17,9,88,13,85,18,7,20
2561607942,-1,156,Ranked All Pick,Ranked,28,44,21,34,87,96,11,5,6,9
2561607941,-1,181,All Pick,Public matchmaking,77,14,93,32,97,12,18,71,33,6
2561607940,-1,225,All Pick,Public matchmaking,10,104,47,93,62,32,9,103,8,15
2561607939,1,156,All Pick,Public matchmaking,76,70,14,110,21,35,18,11,59,65
2561607938,1,192,All Pick,Public matchmaking,40,41,28,68,31,95,92,54,2,5
2561607937,-1,224,All Pick,Public matchmaking,29,98,44,35,86,36,23,14,2,93
2561607936,1,191,Ranked All Pick,Ranked,9,35,36,41,34,111,75,103,20,6
2561607935,-1,182,All Random,Public matchmaking,67,26,96,52,13,28,69,70,30,35
2561607933,-1,231,Ranked All Pick,Ranked,2,53,35,81,14,16,40,44,106,98
2561607932,1,191,All Pick,Public matchmaking,70,53,9,1,94,14,101,21,5,62
2561607930,1,186,All Pick,Public matchmaking,23,90,75,78,43,71,17,14,91,18
2561607929,1,131,Single Draft,Public matchmaking,49,62,53,6,35,75,40,14,26,2
2561607927,-1,186,All Pick,Public matchmaking,104,16,105,8,45,42,57,59,44,32
2561607926,-1,152,All Pick,Public matchmaking,42,25,6,10,104,5,8,17,44,93
2561607925,-1,153,Ranked All Pick,Ranked,98,60,6,10,5,54,41,36,14,34
2561607924,-1,224,All Pick,Public matchmaking,36,39,95,55,7,53,44,77,69,87
2561607921,1,225,Ability Draft,Public matchmaking,22,81,111,60,25,83,104,9,56,42
2561607920,-1,135,All Pick,Public matchmaking,52,6,17,104,21,47,97,90,8,101
2561607919,1,231,Ranked All Pick,Ranked,36,22,67,14,31,42,25,64,75,109
2561607918,-1,223,Random Draft,Public matchmaking,71,73,2,33,54,98,14,49,88,95
2561607917,1,223,Single Draft,Public matchmaking,32,50,110,93,16,112,31,44,64,104
2561607916,1,181,All Pick,Public matchmaking,53,21,44,2,14,94,41,76,107,18
2561607909,-1,156,All Pick,Public matchmaking,9,46,11,23,36,104,10,14,54,37
2561607908,1,154,Ranked All Pick,Ranked,22,7,104,6,98,37,56,34,44,50
2561607907,-1,224,All Pick,Public matchmaking,48,74,16,84,44,14,40,26,93,79
2561607904,1,156,Single Draft,Public matchmaking,20,93,99,37,54,43,98,15,28,29
2561607903,-1,153,Single Draft,Public matchmaking,17,66,77,61,88,28,98,55,79,8
2561607902,-1,145,All Pick,Public matchmaking,25,44,12,14,2,13,21,42,7,22
2561607901,1,231,All Pick,Public matchmaking,12,35,17,9,16,40,6,21,87,106
2561607900,1,153,All Pick,Public matchmaking,44,50,47,39,32,99,81,57,25,23
2561607899,1,137,All Pick,Public matchmaking,18,71,53,37,97,45,49,17,59,6
2561607898,-1,181,Single Draft,Public matchmaking,15,74,48,41,87,36,22,14,98,67
2561607897,1,122,All Pick,Public matchmaking,89,104,68,93,46,47,75,62,74,76
2561607896,1,224,Ranked All Pick,Ranked,76,73,36,32,54,82,8,68,104,65
2561607894,1,153,Single Draft,Public matchmaking,44,97,7,41,102,29,10,71,45,75
2561607892,1,136,Single Draft,Public matchmaking,2,8,15,10,86,95,83,23,98,56
2561607891,-1,183,All Pick,Public matchmaking,71,54,93,101,2,44,14,77,21,17
2561607890,-1,134,Ranked All Pick,Ranked,34,45,51,5,6,74,9,25,36,93
2561607889,1,153,All Pick,Public matchmaking,14,35,97,109,111,73,112,5,31,106
2561607888,1,156,Ranked All Pick,Ranked,98,14,103,17,35,7,44,97,21,5
2561607887,-1,155,Ranked All Pick,Ranked,28,62,44,26,21,10,109,7,34,23
2561607886,-1,186,Single Draft,Public matchmaking,27,39,16,79,54,72,21,1,71,100
2561607885,-1,227,Random Draft,Public matchmaking,79,67,50,46,2,84,12,104,32,94
2561607872,1,184,All Pick,Public matchmaking,93,73,65,26,23,6,11,32,97,41
2561607871,1,138,Random Draft,Public matchmaking,34,19,44,100,3,96,55,40,104,63
2561607870,1,152,Ranked All Pick,Ranked,16,11,9,6,74,41,31,18,14,23
2561607869,1,223,All Pick,Public matchmaking,16,44,75,103,85,31,32,67,21,93
2561607868,1,151,Ranked All Pick,Ranked,8,43,16,84,38,74,33,57,32,9
2561607867,-1,154,Single Draft,Public matchmaking,103,21,1,27,26,37,4,104,77,31
2561607866,1,223,All Pick,Public matchmaking,74,7,93,5,49,26,87,21,61,12
2561607864,1,227,Random Draft,Ranked,23,90,33,1,85,84,46,75,67,97
2561607863,1,133,Least Played,Public matchmaking,7,111,33,56,93,63,61,81,44,51
2561607862,1,136,All Pick,Public matchmaking,44,65,47,86,48,18,13,29,54,27
2561607861,-1,182,Ranked All Pick,Ranked,73,44,84,21,20,29,57,8,104,34
2561607860,1,227,Random Draft,Ranked,88,104,44,14,36,63,73,84,101,100
2561607859,1,151,Ranked All Pick,Ranked,98,62,67,36,32,44,5,8,14,18
2561607858,-1,155,All Pick,Public matchmaking,59,18,6,42,82,35,34,70,44,103
2561607857,-1,155,All Pick,Public matchmaking,35,27,14,54,21,8,22,25,7,2
2561607856,1,137,All Pick,Public matchmaking,44,14,62,104,2,56,105,8,17,100
2561607855,-1,133,All Pick,Public matchmaking,38,93,74,101,33,86,35,14,8,11
2561607853,-1,151,Ranked All Pick,Ranked,104,58,19,82,69,54,32,29,34,23
2561607852,1,156,All Pick,Public matchmaking,109,77,22,84,44,94,82,9,93,21
2561607851,-1,133,Ranked All Pick,Ranked,104,4,41,30,14,42,36,74,53,16
2561607850,-1,182,Ranked All Pick,Ranked,57,14,1,49,101,74,63,79,25,2
2561607823,1,156,All Pick,Public matchmaking,7,36,71,34,93,35,6,50,74,98
2561607822,-1,153,Single Draft,Public matchmaking,93,84,5,34,112,37,68,100,71,44
2561607821,1,188,All Pick,Public matchmaking,70,74,35,9,71,59,42,14,81,44
2561607820,1,232,Random Draft,Public matchmaking,88,59,35,14,9,82,23,106,57,2
2561607817,-1,187,All Pick,Public matchmaking,76,44,40,2,81,19,7,14,39,106
2561607816,1,224,All Pick,Public matchmaking,84,44,35,86,97,93,26,9,73,10
2561607815,1,133,Ranked All Pick,Ranked,74,8,64,9,86,104,14,111,93,13
2561607814,-1,227,All Pick,Public matchmaking,19,78,68,49,42,35,29,64,93,36
2561607813,1,151,Ranked All Pick,Ranked,34,32,70,10,57,8,83,50,88,28
2561607811,1,138,All Pick,Public matchmaking,79,34,106,21,2,87,1,88,14,28
2561607809,1,156,Ranked All Pick,Ranked,22,34,27,93,8,32,67,104,37,9
2561607808,-1,152,Ranked All Pick,Ranked,41,12,84,23,26,14,29,10,9,54
2561607807,1,192,All Pick,Public matchmaking,22,56,4,44,23,27,59,32,21,42
2561607806,-1,227,All Pick,Public matchmaking,32,103,35,28,36,71,85,50,46,8
2561607805,-1,152,All Pick,Public matchmaking,99,6,103,44,41,48,65,74,27,4
2561607804,1,227,Ranked All Pick,Ranked,44,5,9,97,8,51,106,31,71,1
2561607803,-1,186,All Pick,Public matchmaking,98,102,16,100,52,104,105,74,25,56
2561607802,1,155,Single Draft,Public matchmaking,76,58,44,20,28,35,2,33,41,64
2561607801,-1,187,All Pick,Public matchmaking,35,81,52,50,11,82,21,84,14,13
2561607800,1,153,All Pick,Public matchmaking,81,44,9,7,11,54,56,71,74,61
2561607799,1,151,Ranked All Pick,Ranked,107,106,26,17,15,51,27,8,5,11
2561607798,-1,231,Ranked All Pick,Ranked,42,85,2,21,17,18,104,62,26,56
2561607776,1,223,Random Draft,Ranked,17,84,16,28,54,9,73,98,32,85
2561607775,1,156,Ranked All Pick,Ranked,6,9,97,4,5,2,56,59,50,28
2561607774,1,231,All Pick,Public matchmaking,98,25,6,20,76,16,14,11,8,28
2561607773,1,223,Ranked All Pick,Ranked,93,2,32,27,73,69,44,68,55,43
2561607772,1,204,All Pick,Public matchmaking,14,111,53,40,32,26,34,31,17,110
2561607771,1,231,All Pick,Public matchmaking,25,37,100,93,84,63,32,22,14,104
2561607769,-1,155,Ranked All Pick,Ranked,8,2,93,23,86,84,34,64,9,6
2561607768,-1,134,All Pick,Public matchmaking,81,67,9,92,6,25,44,93,27,3
2561607767,1,153,All Pick,Public matchmaking,39,90,81,83,104,21,32,14,6,105
2561607766,1,156,All Pick,Public matchmaking,99,20,94,70,32,74,4,109,44,26
2561607765,1,152,All Pick,Public matchmaking,105,76,14,10,32,93,63,91,34,8
2561607764,-1,227,Random Draft,Ranked,70,8,47,2,90,48,26,10,36,59
2561607763,-1,136,Ranked All Pick,Ranked,49,81,9,71,107,76,2,8,44,26
2561607762,-1,231,All Pick,Public matchmaking,8,4,32,63,6,22,42,20,31,30
2561607761,-1,191,All Pick,Public matchmaking,53,74,44,21,35,109,75,63,95,9
2561607758,1,134,Ability Draft,Public matchmaking,68,5,54,112,18,37,97,63,92,30
2561607757,-1,152,Ranked All Pick,Ranked,28,57,63,74,2,9,1,34,29,6
2561607756,1,188,Single Draft,Public matchmaking,59,1,95,30,72,56,46,11,71,7
2561607755,1,132,Ranked All Pick,Ranked,23,64,44,88,21,41,31,74,8,73
2561607753,1,131,All Pick,Public matchmaking,34,71,2,75,48,9,27,12,21,74
2561607752,-1,153,Ranked All Pick,Ranked,71,84,48,59,14,54,6,19,104,37
2561607751,-1,154,Ranked All Pick,Ranked,14,112,74,30,104,95,18,32,23,8
2561607738,1,154,Ranked All Pick,Ranked,74,9,18,42,94,11,113,28,14,32
2561607737,1,184,Single Draft,Public matchmaking,97,49,106,80,59,100,55,101,28,113
2561607735,-1,153,Ranked All Pick,Ranked,28,47,42,74,67,57,14,12,104,35
2561607734,-1,192,All Pick,Public matchmaking,14,93,5,53,2,57,59,71,74,104
2561607732,1,188,Ranked All Pick,Ranked,111,42,74,107,9,103,5,6,59,98
2561607731,1,227,Ranked All Pick,Ranked,104,45,32,47,42,8,59,43,27,93
2561607730,1,153,Ranked All Pick,Ranked,2,6,74,12,99,11,9,7,59,54
2561607728,-1,151,All Pick,Public matchmaking,12,8,32,54,26,99,62,84,46,22
2561607726,1,155,Ranked All Pick,Ranked,74,7,62,46,33,64,44,9,109,20
2561607725,1,156,Ranked All Pick,Ranked,16,34,7,67,28,86,18,9,104,74
2561607723,-1,156,Ranked All Pick,Ranked,86,2,44,34,53,19,67,83,97,49
2561607717,1,223,All Pick,Public matchmaking,51,1,65,110,9,94,2,7,33,5
2561607716,1,223,Ranked All Pick,Ranked,103,22,67,76,49,10,88,21,14,26
2561607715,-1,227,Ranked All Pick,Ranked,14,32,2,11,6,75,93,71,8,52
2561607714,-1,225,All Pick,Public matchmaking,104,54,90,43,2,63,98,79,9,22
2561607713,-1,227,All Pick,Public matchmaking,15,28,7,9,106,17,32,102,14,10
2561607712,1,225,All Pick,Public matchmaking,43,17,59,41,103,70,69,62,87,2
2561607711,1,155,Single Draft,Public matchmaking,59,34,19,58,88,81,18,29,17,36
2561607710,-1,184,Ranked All Pick,Ranked,41,32,81,57,106,5,74,2,29,44
2561607708,1,151,Ranked All Pick,Ranked,57,44,62,23,86,59,1,88,85,94
2561607707,-1,181,Ranked All Pick,Ranked,8,30,74,41,79,28,17,90,54,104
2561607706,-1,224,Ranked All Pick,Ranked,46,4,14,94,11,18,74,62,26,98
2561607705,1,155,All Pick,Public matchmaking,54,30,58,43,49,35,4,6,25,2
2561607691,1,225,Ranked All Pick,Ranked,60,93,62,103,94,14,54,21,65,56
2561607690,-1,154,Single Draft,Public matchmaking,9,60,62,17,106,51,71,11,46,44
2561607689,1,225,All Pick,Public matchmaking,19,36,10,8,42,62,21,20,1,74
2561607687,1,204,All Pick,Public matchmaking,52,44,34,105,3,73,6,14,68,85
2561607686,-1,187,Single Draft,Public matchmaking,104,112,84,49,102,100,98,16,23,77
2561607685,-1,224,Random Draft,Ranked,53,87,14,44,93,41,9,23,54,17
2561607684,1,227,Random Draft,Ranked,110,96,6,76,23,98,7,9,32,93
2561607683,-1,183,All Pick,Public matchmaking,4,44,1,23,74,5,35,29,103,40
2561607681,1,185,All Random,Public matchmaking,18,58,67,60,21,30,33,27,51,106
2561607680,1,231,All Pick,Public matchmaking,79,84,67,53,105,35,41,6,32,44
2561607678,1,224,Random Draft,Ranked,9,2,39,59,26,8,25,38,16,48
2561607677,-1,137,All Pick,Public matchmaking,86,1,100,84,17,59,28,75,23,14
2561607676,-1,204,Single Draft,Public matchmaking,75,63,20,103,61,12,57,26,37,6
2561607675,1,232,Ranked All Pick,Ranked,72,26,34,91,81,9,107,110,54,12
2561607674,1,133,Ranked All Pick,Ranked,9,93,59,57,111,26,8,113,17,62
2561607673,1,156,All Pick,Public matchmaking,14,26,18,87,59,39,9,43,22,25
2561607672,1,232,Random Draft,Ranked,22,96,17,8,30,35,104,101,93,7
2561607671,-1,153,All Pick,Public matchmaking,1,5,26,9,74,84,14,71,44,79
2561607670,1,156,All Pick,Public matchmaking,35,8,14,26,93,109,74,9,54,2
2561607667,1,186,Ranked All Pick,Ranked,14,83,62,41,56,74,10,79,54,9
2561607666,-1,191,All Pick,Public matchmaking,61,14,70,40,89,47,31,42,85,22
2561607665,-1,227,Random Draft,Public matchmaking,54,74,47,85,33,10,39,98,84,103
2561607662,-1,231,Ranked All Pick,Ranked,41,73,90,6,14,9,79,10,7,1
2561607650,1,138,Ranked All Pick,Ranked,44,104,93,31,94,106,75,88,35,2
2561607649,1,154,Single Draft,Public matchmaking,7,102,63,93,111,35,34,71,11,15
2561607647,1,151,Ranked All Pick,Ranked,9,71,8,2,34,93,22,53,84,6
2561607646,1,224,Ranked All Pick,Ranked,45,72,77,2,36,26,79,93,14,96
2561607645,1,185,Single Draft,Public matchmaking,7,4,56,71,58,76,104,88,32,41
2561607643,1,231,Ranked All Pick,Ranked,94,9,36,75,93,1,6,21,29,11
2561607641,-1,151,All Pick,Public matchmaking,77,91,104,74,30,4,35,14,54,68
2561607640,1,145,Ranked All Pick,Ranked,56,20,6,27,41,47,82,79,28,73
2561607639,-1,188,Ranked All Pick,Ranked,56,44,93,18,32,30,109,17,2,74
2561607638,1,224,Ranked All Pick,Ranked,9,97,31,32,8,103,17,94,93,84
2561607637,1,154,Ranked All Pick,Ranked,68,32,49,12,109,26,5,44,98,78
2561607636,1,124,Ranked All Pick,Ranked,74,26,58,10,51,14,44,17,71,27
2561607635,1,192,Ranked All Pick,Ranked,6,111,9,59,90,34,70,46,104,14
2561607633,1,223,Random Draft,Ranked,6,98,2,17,32,90,9,21,11,59
2561607632,-1,184,Ranked All Pick,Ranked,86,5,11,44,63,6,26,103,94,22
2561607631,1,131,All Pick,Public matchmaking,44,57,56,39,2,33,110,32,73,74
2561607630,-1,232,All Pick,Public matchmaking,36,75,48,73,25,6,68,8,7,42
2561607629,1,144,Single Draft,Public matchmaking,69,13,51,87,16,20,36,85,97,56
2561607628,-1,131,All Pick,Public matchmaking,7,59,6,49,14,44,22,25,77,73
2561607627,1,192,All Pick,Public matchmaking,71,59,13,57,50,25,6,21,9,44
2561607626,1,156,All Pick,Public matchmaking,44,73,4,2,32,1,104,88,22,29
2561607625,-1,156,All Pick,Public matchmaking,32,79,74,7,41,62,93,13,20,54
2561607624,1,153,All Pick,Public matchmaking,22,50,2,4,8,35,44,104,95,14
2561607623,1,154,Ranked All Pick,Ranked,42,5,48,8,36,69,9,73,90,32
2561607622,-1,185,Single Draft,Public matchmaking,84,11,58,104,64,15,106,41,93,67
2561607621,-1,132,Random Draft,Public matchmaking,21,84,32,43,2,4,106,70,5,65
2561607620,1,132,Single Draft,Public matchmaking,95,52,73,62,38,81,23,13,71,6
2561607619,-1,123,Single Draft,Public matchmaking,93,8,32,23,88,42,71,103,109,73
2561607618,1,154,All Pick,Public matchmaking,37,84,18,10,11,8,79,6,42,86
2561607615,-1,223,All Pick,Public matchmaking,48,93,94,40,84,36,22,4,41,1
2561607614,-1,191,Ranked All Pick,Ranked,9,57,98,5,42,34,25,82,47,48
2561607613,-1,182,Ranked All Pick,Ranked,86,72,88,14,110,56,97,37,52,95
2561607612,1,227,Single Draft,Public matchmaking,12,35,88,84,2,101,60,69,81,62
2561607611,1,151,Ranked All Pick,Ranked,71,32,28,74,44,104,21,88,45,72
2561607595,-1,136,Single Draft,Public matchmaking,15,82,12,72,95,5,99,60,34,59
2561607594,1,231,Ranked All Pick,Ranked,54,2,22,16,86,73,44,66,62,36
2561607592,1,153,Ranked All Pick,Ranked,57,104,34,1,30,44,6,21,75,42
2561607591,1,154,Ranked All Pick,Ranked,86,34,8,29,14,21,44,7,23,105
2561607590,-1,224,All Pick,Public matchmaking,74,22,99,42,8,84,28,1,97,36
2561607589,-1,153,Ranked All Pick,Ranked,107,106,41,93,4,2,22,10,87,103
2561607587,1,184,All Pick,Public matchmaking,6,4,81,98,35,32,44,76,93,63
2561607586,-1,156,Ranked All Pick,Ranked,57,1,11,25,97,5,34,7,44,42
2561607585,-1,223,All Pick,Public matchmaking,93,34,16,9,2,43,98,14,42,18
2561607582,1,153,All Pick,Public matchmaking,90,54,74,6,7,2,84,59,29,94
2561607581,-1,231,All Pick,Public matchmaking,70,84,26,67,32,11,7,71,8,44
2561607580,-1,231,Random Draft,Public matchmaking,86,41,43,84,89,1,98,30,23,44
2561607578,1,182,Single Draft,Public matchmaking,48,29,21,42,106,46,36,33,44,41
2561607577,1,145,Ranked All Pick,Ranked,99,7,44,9,104,39,4,81,28,20
2561607576,-1,185,All Pick,Public matchmaking,104,32,93,20,6,106,41,33,83,5
2561607575,1,224,Random Draft,Public matchmaking,105,104,81,73,84,70,21,10,20,6
2561607574,-1,187,All Pick,Public matchmaking,73,5,16,47,42,104,88,36,1,14
2561607573,1,154,Ranked All Pick,Ranked,62,44,75,97,34,100,42,104,68,38
2561607572,1,188,Single Draft,Public matchmaking,70,29,78,41,109,83,58,49,17,87
2561607571,-1,171,Ranked All Pick,Ranked,32,1,20,80,9,75,73,96,35,33
2561607570,-1,154,All Pick,Public matchmaking,2,6,104,20,74,26,35,7,93,14
2561607569,1,152,Ranked All Pick,Ranked,9,18,76,4,37,2,57,74,35,93
2561607567,-1,251,Single Draft,Public matchmaking,4,70,104,35,11,27,28,42,46,25
2561607566,-1,224,All Pick,Public matchmaking,16,84,68,59,41,96,74,25,2,42
2561607565,1,183,Ranked All Pick,Ranked,73,14,5,15,4,54,71,8,25,65
2561607564,1,136,All Pick,Public matchmaking,53,1,10,34,87,110,30,17,14,95
2561607563,1,131,Random Draft,Public matchmaking,98,31,14,53,49,93,104,97,57,105
2561607562,-1,124,Ranked All Pick,Ranked,62,4,73,97,68,70,93,74,23,29
2561607561,-1,188,Single Draft,Public matchmaking,110,16,95,94,15,10,37,32,88,18
2561607560,1,154,Ranked All Pick,Ranked,36,11,23,32,44,72,82,42,93,22
2561607558,-1,224,All Pick,Public matchmaking,93,21,109,41,16,44,62,23,17,26
2561607556,-1,185,Single Draft,Public matchmaking,26,70,11,49,69,1,9,93,76,81
2561607555,-1,124,Ranked All Pick,Ranked,46,84,16,23,83,93,60,26,98,9
2561607554,1,227,Random Draft,Ranked,17,23,98,27,44,70,68,41,25,14
2561607553,-1,134,All Pick,Public matchmaking,6,9,10,13,112,35,4,16,90,41
2561607552,-1,204,All Pick,Public matchmaking,43,17,74,45,109,22,1,79,8,46
2561607551,1,152,Ranked All Pick,Ranked,21,73,36,6,9,28,74,67,7,102
2561607550,1,155,Single Draft,Public matchmaking,21,69,2,59,27,6,1,42,31,38
2561607549,1,152,Ranked All Pick,Ranked,34,64,9,44,97,98,23,16,46,72
2561607525,1,151,Single Draft,Public matchmaking,30,28,7,97,47,74,59,14,20,58
2561607524,-1,191,All Pick,Public matchmaking,62,28,53,6,93,59,67,22,4,32
2561607523,-1,231,Single Draft,Public matchmaking,1,98,67,52,57,32,7,93,3,96
2561607522,1,192,Ranked All Pick,Ranked,36,27,94,101,29,28,8,14,79,20
2561607521,1,182,All Pick,Public matchmaking,42,1,35,21,16,90,4,17,82,70
2561607520,1,154,All Pick,Public matchmaking,11,93,42,47,4,1,99,54,74,102
2561607518,1,135,All Pick,Public matchmaking,32,21,8,71,89,95,18,107,94,5
2561607516,-1,192,Single Draft,Public matchmaking,50,49,67,102,39,86,88,47,93,94
2561607515,-1,136,Ranked All Pick,Ranked,7,14,72,9,102,6,79,65,71,34
2561607514,-1,136,All Pick,Public matchmaking,43,49,91,2,19,20,97,74,93,77
2561607510,1,171,Ranked All Pick,Ranked,30,74,88,84,6,48,8,32,22,71
2561607509,1,225,All Pick,Public matchmaking,101,73,55,9,10,47,53,18,41,30
2561607508,-1,231,Random Draft,Public matchmaking,42,41,84,19,6,26,49,54,35,71
2561607507,-1,155,All Pick,Public matchmaking,8,39,32,70,2,74,79,26,28,104
2561607506,-1,227,Random Draft,Ranked,70,93,98,9,25,57,101,94,8,39
2561607504,-1,186,All Pick,Public matchmaking,22,44,45,98,42,6,21,18,31,105
2561607503,1,188,All Pick,Public matchmaking,14,96,100,5,8,104,18,47,27,7
2561607502,1,153,All Pick,Public matchmaking,19,8,74,23,84,5,3,36,44,99
2561607501,-1,183,All Pick,Public matchmaking,77,59,62,72,34,41,98,17,70,16
2561607500,1,232,All Pick,Public matchmaking,21,38,90,25,56,105,7,44,22,28
2561607499,1,155,All Pick,Public matchmaking,14,16,31,44,70,30,67,73,87,104
2561607498,1,153,Ranked All Pick,Ranked,9,19,10,81,98,44,2,94,14,62
2561607494,-1,231,All Pick,Public matchmaking,95,12,16,68,30,90,54,106,110,98
2561607493,-1,156,Ranked All Pick,Ranked,40,84,39,34,44,41,9,48,8,14
2561607492,-1,227,All Pick,Public matchmaking,75,13,12,32,21,79,67,48,17,41
2561607491,-1,223,Random Draft,Public matchmaking,11,41,76,87,2,6,16,74,5,96
2561607490,-1,138,All Pick,Public matchmaking,21,97,42,98,52,90,104,18,74,95
2561607489,-1,227,Ranked All Pick,Ranked,36,2,9,99,93,104,32,73,14,26
2561607487,1,133,Ranked All Pick,Ranked,32,8,55,112,10,53,6,113,14,79
2561607486,-1,156,All Pick,Public matchmaking,34,45,7,48,22,75,6,26,93,96
2561607485,1,224,Ranked All Pick,Ranked,71,12,4,36,93,75,106,16,8,28
2561607484,-1,231,Ranked All Pick,Ranked,79,16,39,41,1,104,18,54,26,19
2561607483,-1,133,Ranked All Pick,Ranked,74,2,49,84,1,23,17,70,6,97
2561607482,1,134,Single Draft,Public matchmaking,23,106,21,93,36,56,11,105,31,37
2561607481,-1,191,Single Draft,Public matchmaking,17,70,41,101,68,19,42,49,103,15
2561607463,-1,156,Ranked All Pick,Ranked,53,104,33,59,39,44,84,18,14,32
2561607462,-1,156,All Pick,Public matchmaking,2,55,20,73,59,68,41,67,65,11
2561607461,1,225,Random Draft,Public matchmaking,41,1,8,17,87,102,18,39,26,89
2561607460,1,144,All Pick,Public matchmaking,68,54,63,10,64,32,31,2,23,98
2561607459,-1,182,Ability Draft,Public matchmaking,70,15,57,22,53,60,30,88,43,104
2561607458,1,121,Ranked All Pick,Ranked,18,84,36,14,45,9,49,31,59,6
2561607456,-1,153,All Pick,Public matchmaking,104,23,95,79,44,99,18,6,28,70
2561607455,1,204,Ranked All Pick,Ranked,90,18,9,57,100,79,34,98,70,86
2561607454,-1,231,Random Draft,Public matchmaking,16,48,28,65,36,81,14,103,32,94
2561607453,-1,152,Ranked All Pick,Ranked,30,93,44,28,4,34,2,94,85,18
2561607452,-1,156,All Pick,Public matchmaking,107,64,36,28,104,48,110,5,81,67
2561607451,-1,187,Ranked All Pick,Ranked,8,20,104,34,70,54,99,72,112,42
2561607450,-1,152,Single Draft,Public matchmaking,47,19,63,92,54,73,64,35,15,20
2561607449,1,186,All Pick,Public matchmaking,71,54,86,28,9,73,110,62,84,104
2561607444,1,182,All Pick,Public matchmaking,86,14,2,9,84,48,105,38,75,77
2561607441,1,184,Ranked All Pick,Ranked,104,106,55,32,53,63,27,44,74,42
2561607440,-1,191,Ranked All Pick,Ranked,2,74,79,9,70,63,62,10,90,17
2561607439,1,133,Ranked All Pick,Ranked,84,67,17,4,29,40,56,74,30,93
2561607438,1,182,Ability Draft,Public matchmaking,61,77,32,81,19,48,72,14,47,89
2561607437,-1,227,All Pick,Public matchmaking,14,89,90,63,19,101,93,6,41,9
2561607436,-1,227,Random Draft,Public matchmaking,20,6,60,57,17,99,16,102,109,33
2561607435,1,155,Ranked All Pick,Ranked,23,14,34,4,8,17,41,107,9,93
2561607434,1,131,All Pick,Public matchmaking,87,94,104,6,71,5,25,14,98,1
2561607433,1,224,Random Draft,Ranked,16,104,23,76,48,10,30,36,44,26
2561607432,1,134,Ranked All Pick,Ranked,2,57,23,74,26,98,32,14,1,75
2561607428,-1,231,Single Draft,Public matchmaking,33,76,67,9,105,73,48,109,104,19
2561607427,1,132,Ability Draft,Public matchmaking,64,72,20,85,45,1,2,58,43,52
2561607426,-1,134,Ranked All Pick,Ranked,73,93,21,83,104,29,39,50,8,9
2561607425,-1,153,All Pick,Public matchmaking,51,107,61,14,74,104,6,34,19,86
2561607411,-1,223,Random Draft,Ranked,62,23,83,35,41,71,10,22,44,51
2561607410,1,155,All Pick,Public matchmaking,44,90,60,104,32,73,14,62,27,26
2561607409,1,225,All Pick,Public matchmaking,94,14,96,4,2,93,19,49,110,28
2561607407,1,181,All Pick,Public matchmaking,91,98,52,12,106,5,74,1,36,37
2561607406,1,231,Random Draft,Ranked,9,40,1,25,31,101,32,41,74,35
2561607405,-1,154,All Pick,Public matchmaking,104,62,53,88,85,109,17,67,90,36
2561607404,-1,153,All Pick,Public matchmaking,73,30,94,56,50,32,64,8,97,68
2561607403,-1,121,Ranked All Pick,Ranked,49,41,101,3,70,54,102,93,9,73
2561607402,-1,188,Ranked All Pick,Ranked,83,6,82,53,1,17,18,90,49,59
2561607401,1,192,All Pick,Public matchmaking,14,104,25,85,59,17,60,70,1,112
2561607400,1,232,Random Draft,Public matchmaking,8,20,23,13,26,35,21,73,101,51
2561607399,1,231,All Pick,Public matchmaking,8,11,27,84,104,34,42,2,53,69
2561607398,-1,153,All Pick,Public matchmaking,14,59,95,23,35,57,15,102,17,104
2561607397,-1,225,Ranked All Pick,Ranked,98,79,97,106,28,14,36,44,101,62
2561607396,1,154,Random Draft,Public matchmaking,57,50,99,62,6,61,23,86,18,44
2561607394,1,225,Random Draft,Public matchmaking,14,74,48,36,104,103,34,50,10,8
2561607393,1,161,Ranked All Pick,Ranked,21,68,9,63,2,44,32,35,27,42
2561607392,-1,153,All Pick,Public matchmaking,22,19,107,59,16,17,9,54,84,88
2561607391,1,181,Ranked All Pick,Ranked,75,28,62,93,25,74,32,80,67,8
2561607387,-1,204,All Pick,Public matchmaking,1,34,16,6,84,54,73,71,44,68
2561607363,-1,154,Ranked All Pick,Ranked,109,17,113,9,23,42,87,41,11,48
2561607361,1,153,Ranked All Pick,Ranked,42,71,74,6,98,106,44,25,9,75
2561607360,1,187,Ranked All Pick,Ranked,57,70,7,4,95,82,16,73,99,100
2561607359,-1,153,Single Draft,Public matchmaking,23,34,12,59,105,64,106,99,72,2
2561607358,1,182,All Pick,Public matchmaking,35,56,32,94,37,26,73,3,16,40
2561607357,1,122,Captains Mode,Public matchmaking,30,27,63,18,28,20,54,75,15,6
2561607355,1,155,All Pick,Public matchmaking,44,31,5,9,95,104,8,82,93,67
2561607354,1,154,All Pick,Public matchmaking,32,56,2,8,17,81,62,71,54,14
2561607352,-1,155,All Pick,Public matchmaking,75,35,93,98,36,14,44,97,41,32
2561607351,1,155,All Pick,Public matchmaking,4,40,9,13,19,11,71,54,47,82
2561607349,-1,224,Ability Draft,Public matchmaking,71,6,77,2,22,52,88,50,62,85
2561607348,-1,223,Single Draft,Public matchmaking,30,104,96,46,59,94,4,42,51,63
2561607347,1,204,All Pick,Public matchmaking,44,98,37,31,2,61,5,52,10,18
2561607346,-1,138,Single Draft,Public matchmaking,19,96,104,27,61,111,71,12,34,101
2561607344,1,182,Ranked All Pick,Ranked,17,94,27,23,9,4,1,60,39,26
2561607342,1,261,All Random,Public matchmaking,96,57,103,55,5,23,111,32,72,45
2561607341,1,223,Ranked All Pick,Ranked,109,62,41,17,102,30,98,42,67,101
2561607324,1,227,All Pick,Public matchmaking,27,98,32,17,29,99,23,1,93,16
2561607323,-1,152,Ranked All Pick,Ranked,12,33,87,1,34,10,74,79,8,84
2561607322,1,187,Ranked All Pick,Ranked,14,28,62,2,93,96,53,74,111,67
2561607321,-1,138,Single Draft,Public matchmaking,63,60,45,16,49,79,28,11,19,89
2561607320,1,182,All Pick,Public matchmaking,63,79,42,55,17,104,68,93,103,9
2561607319,1,227,Ability Draft,Public matchmaking,101,35,4,60,37,32,45,77,48,61
2561607318,-1,151,Ranked All Pick,Ranked,7,98,60,17,37,84,1,45,11,9
2561607317,1,152,Ranked All Pick,Ranked,10,32,44,98,1,46,95,106,59,99
2561607316,1,152,Ranked All Pick,Ranked,6,41,39,26,66,98,84,23,8,86
2561607315,-1,155,Ranked All Pick,Ranked,80,8,82,63,3,93,57,6,96,44
2561607313,-1,232,All Pick,Public matchmaking,2,86,99,109,8,47,7,4,94,64
2561607311,-1,134,Ranked All Pick,Ranked,98,30,11,1,32,42,75,14,18,69
2561607310,1,156,All Pick,Public matchmaking,36,2,1,8,32,44,28,57,46,47
2561607309,-1,182,Random Draft,Ranked,9,94,30,38,41,2,18,75,5,42
2561607308,-1,154,Ranked All Pick,Ranked,73,56,22,16,32,93,76,1,30,98
2561607307,1,131,Ranked All Pick,Ranked,21,57,13,44,40,9,67,88,84,104
2561607305,1,183,Single Draft,Public matchmaking,79,58,22,32,95,99,41,77,86,23
2561607304,1,223,Random Draft,Public matchmaking,36,62,94,96,85,53,48,73,60,14
2561607303,-1,135,Single Draft,Public matchmaking,82,70,85,61,14,54,35,87,47,11
2561607301,-1,124,All Pick,Public matchmaking,2,35,88,10,41,34,59,53,3,9
2561607300,-1,224,All Pick,Public matchmaking,41,9,101,110,54,39,104,48,100,74
2561607299,-1,153,All Pick,Public matchmaking,60,34,110,28,101,104,7,59,70,27
2561607298,-1,112,Random Draft,Public matchmaking,13,69,102,11,99,53,27,92,16,51
2561607297,-1,155,All Pick,Public matchmaking,1,41,89,100,26,9,2,74,69,36
2561607296,-1,223,All Pick,Public matchmaking,73,2,94,31,104,9,6,17,88,14
2561607295,1,156,All Pick,Public matchmaking,94,84,14,9,101,109,73,29,26,93
2561607266,1,153,Ranked All Pick,Ranked,12,112,7,47,67,104,16,74,86,44
2561607264,1,153,Ranked All Pick,Ranked,41,30,17,2,102,44,88,5,104,112
2561607263,-1,154,Ranked All Pick,Ranked,35,14,44,51,42,29,36,25,93,32
2561607262,1,225,All Pick,Public matchmaking,106,62,101,54,2,21,98,84,14,103
2561607261,-1,154,All Pick,Public matchmaking,98,56,53,71,93,35,44,14,62,25
2561607260,-1,224,Ranked All Pick,Ranked,11,32,1,59,9,2,8,16,62,17
2561607259,1,155,Ranked All Pick,Ranked,39,106,41,9,84,60,17,14,54,74
2561607257,-1,152,All Pick,Public matchmaking,83,46,104,1,112,53,33,18,74,44
2561607256,-1,227,All Pick,Public matchmaking,26,12,78,17,99,80,70,106,104,14
2561607254,-1,187,All Pick,Public matchmaking,17,44,1,53,49,98,14,77,42,91
2561607253,-1,186,All Pick,Public matchmaking,47,99,30,41,59,17,4,109,29,7
2561607252,-1,227,Random Draft,Ranked,8,5,104,62,7,20,69,93,106,2
2561607251,-1,184,Random Draft,Ranked,76,73,36,104,20,74,88,42,35,102
2561607250,-1,155,Ranked All Pick,Ranked,46,43,9,26,34,44,67,55,32,101
2561607249,-1,155,Ranked All Pick,Ranked,10,9,16,42,29,1,32,44,54,71
2561607248,1,156,All Pick,Public matchmaking,38,104,17,2,71,100,44,64,59,70
2561607247,-1,122,Ranked All Pick,Ranked,86,104,93,73,27,71,75,44,94,57
2561607245,1,144,All Pick,Public matchmaking,18,104,64,83,68,73,97,57,16,1
2561607244,-1,154,Ranked All Pick,Ranked,7,6,32,94,44,41,52,2,74,39
2561607243,1,134,Single Draft,Public matchmaking,21,19,63,26,11,56,58,41,13,52
2561607227,1,156,Ranked All Pick,Ranked,28,11,8,2,25,60,6,44,70,62
2561607226,-1,155,Ranked All Pick,Ranked,72,86,57,19,10,44,75,7,32,14
2561607225,1,225,All Pick,Public matchmaking,5,37,42,46,14,101,9,90,89,8
2561607224,-1,227,Ranked All Pick,Ranked,62,2,48,5,39,6,41,98,9,32
2561607223,1,136,Ranked All Pick,Ranked,16,48,40,104,9,8,32,20,91,81
2561607222,-1,151,Single Draft,Public matchmaking,109,99,48,17,43,31,23,42,6,35
2561607221,-1,154,Ranked All Pick,Ranked,2,98,16,5,104,62,91,59,19,25
2561607220,-1,154,Ranked All Pick,Ranked,93,13,53,98,104,7,9,5,72,6
2561607219,-1,154,Ranked All Pick,Ranked,38,41,104,9,26,107,100,13,22,93
2561607218,-1,156,All Pick,Public matchmaking,73,63,6,89,79,1,84,4,17,107
2561607217,-1,227,Ranked All Pick,Ranked,35,32,98,46,36,4,23,74,44,41
2561607216,-1,224,Random Draft,Public matchmaking,13,73,71,27,93,2,84,26,98,48
2561607214,-1,152,Ranked All Pick,Ranked,62,15,86,67,98,18,32,50,83,44
2561607213,-1,224,Ranked All Pick,Ranked,35,26,9,42,76,73,15,2,7,88
2561607212,-1,182,Ranked All Pick,Ranked,9,39,64,93,36,67,62,73,31,99
2561607211,-1,133,All Pick,Public matchmaking,90,67,14,93,21,16,59,50,85,9
2561607210,1,213,Single Draft,Public matchmaking,57,63,7,70,64,67,14,49,106,56
2561607209,-1,122,All Pick,Public matchmaking,42,81,54,4,37,11,36,18,2,8
2561607203,-1,171,All Pick,Public matchmaking,84,44,93,40,74,32,60,35,50,98
2561607202,-1,153,Single Draft,Public matchmaking,57,77,23,104,76,44,67,50,30,15
2561607201,-1,183,All Pick,Public matchmaking,59,32,21,74,50,57,35,28,63,22
2561607200,-1,188,Ranked All Pick,Ranked,1,15,93,44,73,101,16,70,31,32
2561607182,1,225,Random Draft,Public matchmaking,10,90,103,11,16,18,8,78,26,88
2561607181,-1,152,All Pick,Public matchmaking,99,74,93,44,8,25,42,14,47,102
2561607180,1,225,All Pick,Public matchmaking,54,40,88,106,32,21,81,15,9,74
2561607179,-1,152,Ranked All Pick,Ranked,41,54,6,111,34,9,84,74,1,2
2561607178,-1,133,Ranked All Pick,Ranked,110,12,20,74,14,87,21,41,42,84
2561607177,-1,154,All Pick,Public matchmaking,53,52,83,98,75,99,32,66,112,100
2561607176,-1,183,Ranked All Pick,Ranked,32,10,39,42,19,34,25,9,44,47
2561607172,1,155,Ranked All Pick,Ranked,57,18,71,105,36,44,2,55,34,54
2561607171,1,232,Ranked All Pick,Ranked,32,104,12,9,4,2,1,90,53,106
2561607169,-1,151,Ranked All Pick,Ranked,71,65,26,43,9,27,32,84,54,44
2561607168,1,156,All Pick,Public matchmaking,1,84,50,32,35,2,17,37,14,6
2561607167,1,227,Random Draft,Public matchmaking,19,59,36,40,54,9,93,106,96,5
2561607166,1,171,Ability Draft,Public matchmaking,63,40,14,76,70,6,51,45,99,18
2561607165,1,155,Ranked All Pick,Ranked,4,45,41,87,74,9,75,35,21,104
2561607164,1,227,Ranked All Pick,Ranked,21,26,11,14,6,9,71,41,74,104
2561607163,1,191,Ranked All Pick,Ranked,10,44,37,85,36,98,74,106,83,9
2561607162,1,191,Random Draft,Ranked,44,9,73,72,33,5,12,88,53,98
2561607149,1,224,Random Draft,Public matchmaking,20,104,103,44,8,2,41,26,109,74
2561607148,1,182,All Pick,Public matchmaking,20,34,14,95,104,93,45,7,98,57
2561607144,-1,154,All Pick,Public matchmaking,60,11,102,104,14,8,54,23,74,27
2561607143,1,186,All Pick,Public matchmaking,76,93,51,36,99,87,82,44,6,10
2561607142,-1,231,Random Draft,Ranked,41,74,44,29,8,106,30,14,59,99
2561607141,-1,121,Single Draft,Public matchmaking,29,87,48,25,38,88,39,22,8,104
2561607140,-1,151,All Pick,Public matchmaking,42,86,32,14,54,18,46,5,70,35
2561607139,1,151,All Pick,Public matchmaking,0,4,56,80,44,41,33,1,6,20
2561607138,-1,156,Ranked All Pick,Ranked,21,86,74,44,50,73,5,16,26,70
2561607137,1,224,Single Draft,Public matchmaking,20,39,21,65,75,72,84,42,12,55
2561607135,1,131,Ranked All Pick,Ranked,73,30,5,67,1,39,86,51,18,4
2561607134,1,135,Ranked All Pick,Ranked,92,93,105,69,74,36,9,19,13,57
2561607133,-1,184,All Pick,Public matchmaking,1,49,91,73,62,106,2,5,30,44
2561607132,1,132,Single Draft,Public matchmaking,26,21,14,10,20,47,44,57,33,17
2561607130,-1,154,All Pick,Public matchmaking,27,14,51,63,33,44,84,25,49,99
2561607127,1,151,Ranked All Pick,Ranked,49,53,81,92,1,97,5,42,4,44
2561607126,-1,224,Random Draft,Ranked,74,6,70,48,98,14,40,93,54,84
2561607125,-1,153,Ranked All Pick,Ranked,68,44,21,13,107,104,26,2,35,93
2561607105,1,155,Ranked All Pick,Ranked,25,84,4,104,8,74,53,93,35,14
2561607102,-1,151,All Pick,Public matchmaking,54,26,20,44,21,5,74,70,85,36
2561607101,1,185,Ranked All Pick,Ranked,66,22,93,79,8,68,44,28,5,34
2561607100,1,156,Ranked All Pick,Ranked,23,98,10,20,104,81,107,93,42,14
2561607099,1,224,Ranked All Pick,Ranked,37,22,13,57,15,28,11,90,3,44
2561607098,-1,121,All Pick,Public matchmaking,81,17,53,1,41,52,93,7,6,28
2561607097,1,153,All Pick,Public matchmaking,62,35,43,59,70,1,44,23,4,102
2561607096,-1,153,All Pick,Public matchmaking,54,94,1,27,6,4,44,111,32,95
2561607095,-1,151,Ranked All Pick,Ranked,22,53,37,6,11,103,23,93,91,19
2561607094,-1,171,All Pick,Public matchmaking,98,94,97,54,23,79,74,30,83,4
2561607092,1,151,All Pick,Public matchmaking,52,6,67,23,27,99,59,25,45,9
2561607091,-1,155,Ranked All Pick,Ranked,56,93,74,32,6,22,87,9,110,71
2561607090,-1,136,Ranked All Pick,Ranked,33,40,93,20,17,8,42,14,86,36
2561607089,-1,227,Random Draft,Public matchmaking,71,9,93,32,106,38,50,8,74,41
2561607088,1,183,Single Draft,Public matchmaking,42,106,60,41,20,46,6,85,48,16
2561607087,-1,151,Ranked All Pick,Ranked,9,59,7,8,34,67,2,22,26,32
2561607086,-1,154,All Pick,Public matchmaking,70,15,104,81,54,18,14,48,22,34
2561607085,-1,186,All Pick,Public matchmaking,74,103,30,89,69,44,64,59,42,18
2561607084,1,224,Random Draft,Ranked,5,28,84,94,104,70,44,2,47,32
2561607083,-1,152,All Pick,Public matchmaking,74,37,32,6,94,80,22,7,59,85
2561607081,-1,138,All Pick,Public matchmaking,104,41,106,60,88,76,18,80,9,62
2561607080,1,155,Ranked All Pick,Ranked,14,57,23,20,44,50,75,9,8,59
2561607079,-1,154,Ranked All Pick,Ranked,14,84,106,5,21,73,26,35,16,6
2561607078,1,155,All Pick,Public matchmaking,26,9,18,105,14,4,87,74,53,62
2561607065,1,152,All Pick,Public matchmaking,93,14,2,35,49,41,57,18,54,9
2561607063,1,151,Ranked All Pick,Ranked,17,50,99,81,4,35,57,47,18,32
2561607062,-1,155,Ranked All Pick,Ranked,97,99,18,20,112,8,86,23,39,73
2561607061,1,182,All Pick,Public matchmaking,60,10,8,62,40,100,69,23,49,70
2561607060,1,135,Ranked All Pick,Ranked,2,26,14,93,9,89,22,21,54,16
2561607058,-1,225,Ability Draft,Public matchmaking,65,51,78,53,64,12,37,15,57,58
2561607057,-1,152,All Pick,Public matchmaking,42,7,67,44,46,102,19,94,34,104
2561607056,-1,224,Ranked All Pick,Ranked,94,93,23,100,26,32,14,60,18,9
2561607055,1,224,All Pick,Public matchmaking,90,93,43,14,84,79,9,74,85,70
2561607053,-1,153,All Pick,Public matchmaking,105,71,60,59,6,54,20,18,35,36
2561607050,1,152,All Pick,Public matchmaking,93,71,6,18,28,62,26,1,32,106
2561607048,1,225,All Pick,Public matchmaking,84,47,36,20,6,73,1,51,9,68
2561607047,-1,144,All Pick,Public matchmaking,49,104,57,1,71,35,25,44,30,14
2561607044,1,181,All Pick,Public matchmaking,70,107,23,86,25,1,104,98,97,74
2561607042,1,181,All Pick,Public matchmaking,9,36,54,1,44,10,98,6,52,69
2561607040,1,224,All Pick,Public matchmaking,9,95,54,46,50,7,6,71,79,48
2561607039,1,227,All Pick,Public matchmaking,14,101,88,106,75,35,2,87,99,17
2561607036,-1,225,Random Draft,Ranked,42,79,9,2,28,7,97,6,73,101
2561607034,1,187,Single Draft,Public matchmaking,17,6,4,75,12,94,72,3,69,13
2561607033,1,152,Ranked All Pick,Ranked,13,98,8,4,73,21,7,76,75,12
2561607032,-1,155,Ranked All Pick,Ranked,54,99,84,34,6,1,88,86,9,22
2561607031,-1,133,Single Draft,Public matchmaking,35,79,70,4,69,18,90,8,20,61
2561607030,-1,181,All Pick,Public matchmaking,54,20,104,21,35,15,25,6,84,96
2561607029,-1,223,Random Draft,Public matchmaking,7,81,50,26,2,104,13,84,106,109
2561607028,1,155,Ranked All Pick,Ranked,14,6,99,93,84,10,21,20,36,69
2561607027,-1,152,Ranked All Pick,Ranked,44,14,21,82,68,18,10,4,26,9
2561607026,1,223,Random Draft,Ranked,98,2,93,76,35,87,106,46,102,105
2561607005,1,187,Single Draft,Public matchmaking,64,59,76,44,16,32,62,27,9,8
2561607004,-1,156,All Pick,Public matchmaking,21,110,9,73,18,41,23,74,68,44
2561607003,1,137,Ranked All Pick,Ranked,32,7,14,36,35,75,45,19,1,2
2561607000,1,154,All Pick,Public matchmaking,71,9,93,42,53,14,48,8,109,5
2561606999,-1,136,Ranked All Pick,Ranked,73,1,101,28,69,93,32,86,98,76
2561606998,1,191,Single Draft,Public matchmaking,77,14,6,31,26,15,64,100,72,25
2561606995,1,224,Random Draft,Ranked,6,83,17,21,23,65,98,71,30,93
2561606994,1,153,Single Draft,Public matchmaking,61,43,96,84,72,47,23,73,79,112
2561606993,-1,188,Single Draft,Public matchmaking,3,57,22,48,32,10,47,83,1,23
2561606992,1,154,All Pick,Public matchmaking,19,59,70,8,32,44,71,104,79,6
2561606990,1,232,Random Draft,Ranked,88,85,93,98,74,29,42,25,84,63
2561606989,1,123,All Pick,Public matchmaking,90,53,44,95,27,9,13,70,59,93
2561606987,-1,135,Ranked All Pick,Ranked,36,18,41,87,73,32,3,59,9,44
2561606986,1,153,Ranked All Pick,Ranked,51,93,32,3,17,1,110,2,34,112
2561606985,1,154,Ranked All Pick,Ranked,14,93,35,26,91,8,69,23,53,90
2561606984,-1,232,All Pick,Public matchmaking,69,16,8,54,68,106,28,61,62,42
2561606983,-1,184,All Pick,Public matchmaking,26,71,12,14,98,82,35,56,36,93
2561606982,1,155,Ranked All Pick,Ranked,99,112,26,21,8,44,32,5,7,73
2561606981,-1,134,All Pick,Public matchmaking,93,105,50,73,52,9,88,2,23,104
2561606980,1,223,All Pick,Public matchmaking,75,16,74,41,94,83,81,3,55,11
2561606970,1,227,Ranked All Pick,Ranked,103,17,111,104,93,98,8,106,62,9
2561606969,1,185,Single Draft,Public matchmaking,42,28,71,16,12,77,39,94,109,74
2561606968,-1,153,All Pick,Public matchmaking,34,62,65,37,9,53,14,32,44,101
2561606967,1,155,Ranked All Pick,Ranked,44,104,88,53,46,67,14,35,63,21
2561606966,-1,156,Ranked All Pick,Ranked,42,47,14,18,99,64,17,8,28,4
2561606965,1,223,Random Draft,Public matchmaking,42,62,85,30,22,6,20,101,73,14
2561606964,1,153,Ranked All Pick,Ranked,74,91,104,99,18,34,14,45,8,93
2561606961,1,188,All Pick,Public matchmaking,99,85,73,93,26,15,4,44,54,105
2561606960,-1,184,Single Draft,Public matchmaking,98,54,40,58,12,73,112,56,9,32
2561606959,1,224,Random Draft,Ranked,25,88,104,67,62,93,101,8,32,41
2561606958,1,227,All Pick,Public matchmaking,44,32,17,40,58,48,111,8,43,68
2561606957,1,224,Random Draft,Ranked,67,22,46,7,2,47,9,84,36,93
2561606956,1,151,All Pick,Public matchmaking,57,87,5,13,2,44,8,35,4,17
2561606955,-1,151,All Pick,Public matchmaking,19,99,96,93,1,4,98,8,14,21
2561606954,-1,122,Ranked All Pick,Ranked,74,41,27,9,103,4,76,68,75,84
2561606953,-1,223,Ranked All Pick,Ranked,38,16,71,15,93,56,8,34,85,20
2561606952,-1,227,Ranked All Pick,Ranked,105,73,104,40,44,23,98,18,58,17
2561606951,1,227,All Pick,Public matchmaking,16,93,19,56,53,9,61,63,55,10
2561606950,-1,156,All Pick,Public matchmaking,14,1,57,35,105,36,104,44,59,106
2561606946,1,224,All Pick,Public matchmaking,74,93,69,23,49,35,7,39,14,44
2561606945,-1,152,Ranked All Pick,Ranked,18,63,36,28,11,2,6,32,85,35
2561606944,-1,223,Ranked All Pick,Ranked,23,48,30,98,106,75,67,14,93,25
2561606943,1,223,All Pick,Public matchmaking,10,29,2,42,17,99,55,26,25,35
2561606942,-1,138,Ranked All Pick,Ranked,1,71,104,87,96,50,30,93,77,74
2561606932,-1,156,Single Draft,Public matchmaking,32,20,7,104,12,96,97,70,18,11
2561606931,-1,223,Random Draft,Public matchmaking,98,7,4,57,11,85,9,22,17,93
2561606930,1,227,Random Draft,Ranked,10,97,74,102,23,41,25,103,26,98
2561606929,1,227,All Pick,Public matchmaking,10,19,71,32,41,44,21,9,36,54
2561606928,1,187,Random Draft,Ranked,18,33,105,60,59,9,21,98,44,32
2561606925,1,156,All Pick,Public matchmaking,73,23,8,40,84,9,25,104,7,33
2561606924,-1,184,All Pick,Public matchmaking,54,14,86,11,59,12,44,70,27,2
2561606923,1,187,Ranked All Pick,Ranked,45,54,37,35,93,23,26,1,56,6
2561606920,1,156,All Pick,Public matchmaking,50,8,56,9,59,60,102,98,99,57
2561606919,1,225,All Random Death Match,Public matchmaking,65,81,38,100,20,88,5,78,110,36
2561606917,1,225,Ranked All Pick,Ranked,75,5,41,74,18,9,2,98,10,23
2561606916,-1,191,All Pick,Public matchmaking,17,62,14,64,54,32,93,70,110,58
2561606915,1,224,Random Draft,Ranked,57,38,73,104,13,63,68,41,70,69
2561606914,1,171,All Pick,Public matchmaking,63,41,53,83,74,87,111,75,44,19
2561606913,1,131,Ranked All Pick,Ranked,36,41,14,6,20,90,21,9,99,93
2561606908,1,153,All Pick,Public matchmaking,14,72,96,9,59,104,106,98,21,50
2561606907,-1,185,Single Draft,Public matchmaking,83,9,103,46,56,10,59,106,57,18
2561606889,-1,188,Single Draft,Public matchmaking,17,52,21,44,73,99,36,48,105,15
2561606888,1,227,Ranked All Pick,Ranked,23,93,9,103,22,70,87,17,36,67
2561606886,-1,154,All Pick,Public matchmaking,21,36,6,28,42,8,103,34,104,11
2561606884,1,232,All Pick,Public matchmaking,98,8,25,44,69,9,54,96,5,63
2561606883,1,131,All Pick,Public matchmaking,53,17,41,88,11,12,44,71,74,21
2561606881,-1,124,Ranked All Pick,Ranked,14,29,34,82,22,79,28,23,8,27
2561606880,-1,186,All Pick,Public matchmaking,18,20,6,25,7,14,98,87,88,32
2561606878,1,224,All Pick,Public matchmaking,14,93,9,28,73,68,98,41,10,76
2561606877,1,227,Ranked All Pick,Ranked,71,59,98,50,18,8,26,62,2,51
2561606873,1,224,All Pick,Public matchmaking,17,32,89,98,88,40,47,22,12,39
2561606872,-1,151,All Pick,Public matchmaking,6,14,106,18,26,84,96,95,98,11
2561606871,1,133,Single Draft,Public matchmaking,12,104,98,4,31,18,93,86,56,100
2561606870,1,227,All Pick,Public matchmaking,62,36,22,10,29,31,68,8,14,75
2561606869,1,155,Ranked All Pick,Ranked,98,93,59,6,5,7,9,86,29,74
2561606868,1,227,Random Draft,Ranked,41,74,35,23,30,20,8,103,14,7
2561606867,1,152,Ranked All Pick,Ranked,93,22,53,90,71,5,42,4,11,13
2561606866,-1,151,Ranked All Pick,Ranked,9,48,101,47,50,74,10,54,27,86
2561606865,1,156,Ranked All Pick,Ranked,35,32,9,8,36,25,113,98,62,28
2561606864,-1,155,Ranked All Pick,Ranked,74,104,4,18,50,44,99,35,7,12
2561606862,-1,181,Single Draft,Public matchmaking,19,40,76,48,6,2,59,5,21,22
2561606842,-1,191,Single Draft,Public matchmaking,31,59,39,19,14,42,98,113,70,5
2561606841,1,151,All Pick,Public matchmaking,36,104,93,14,12,26,58,106,44,87
2561606839,1,182,Ranked All Pick,Ranked,76,36,21,40,67,2,23,59,50,11
2561606838,-1,131,Random Draft,Public matchmaking,70,54,50,39,21,48,104,68,109,98
2561606837,-1,227,All Pick,Public matchmaking,77,13,90,41,44,93,32,8,83,94
2561606836,1,151,Ranked All Pick,Ranked,99,18,112,9,93,21,8,4,84,6
2561606835,-1,154,Single Draft,Public matchmaking,110,9,14,54,12,35,27,100,104,41
2561606834,1,232,Ranked All Pick,Ranked,21,18,27,9,110,32,74,2,1,62
2561606833,-1,152,Ranked All Pick,Ranked,104,44,18,13,37,35,67,7,11,33
2561606832,1,156,All Pick,Public matchmaking,25,11,104,98,18,20,19,14,2,44
2561606830,-1,154,All Pick,Public matchmaking,28,112,72,9,23,14,11,18,10,44
2561606829,-1,204,All Pick,Public matchmaking,54,31,112,73,71,8,26,36,10,93
2561606828,-1,231,Random Draft,Public matchmaking,7,90,48,104,17,81,74,5,93,20
2561606827,1,192,Ranked All Pick,Ranked,109,5,14,21,98,73,104,9,42,31
2561606826,-1,225,Random Draft,Ranked,74,104,10,112,2,62,42,12,18,41
2561606825,1,225,Ranked All Pick,Ranked,14,21,74,2,8,9,54,15,58,93
2561606824,-1,154,All Pick,Public matchmaking,35,36,50,37,94,14,104,21,10,98
2561606821,1,156,All Pick,Public matchmaking,18,23,14,104,49,8,68,91,71,17
2561606820,1,122,Single Draft,Public matchmaking,86,57,72,76,23,49,70,71,26,6
2561606819,1,232,Ranked All Pick,Ranked,98,12,22,34,62,32,25,85,94,4
2561606803,-1,136,Single Draft,Public matchmaking,104,44,93,20,30,28,40,77,7,22
2561606802,-1,151,All Pick,Public matchmaking,97,13,9,18,82,25,106,110,7,73
2561606801,1,224,Random Draft,Ranked,75,9,73,103,18,31,42,74,36,23
2561606800,-1,152,All Pick,Public matchmaking,18,44,6,21,95,14,22,19,31,48
2561606799,-1,151,All Pick,Public matchmaking,15,99,86,16,74,2,65,44,45,47
2561606798,-1,156,All Random,Public matchmaking,100,88,49,60,6,112,65,8,50,72
2561606797,-1,187,Random Draft,Public matchmaking,105,47,36,77,44,59,43,11,42,16
2561606796,1,183,Single Draft,Public matchmaking,57,54,45,42,7,100,25,44,47,11
2561606795,1,227,All Pick,Public matchmaking,19,8,82,49,110,93,34,75,21,2
2561606794,-1,153,Ranked All Pick,Ranked,6,57,74,75,20,36,8,30,22,98
2561606790,-1,231,All Pick,Public matchmaking,41,98,54,71,35,36,14,43,4,72
2561606789,-1,187,Single Draft,Public matchmaking,98,2,88,13,106,42,47,80,22,67
2561606788,1,231,Ranked All Pick,Ranked,7,14,17,53,93,98,16,67,51,74
2561606787,-1,204,All Pick,Public matchmaking,104,14,70,32,2,44,100,25,62,93
2561606784,1,224,All Pick,Public matchmaking,104,1,76,15,16,73,10,99,103,7
2561606783,1,224,Ranked All Pick,Ranked,112,49,31,18,62,36,104,11,6,1
2561606781,1,184,Ranked All Pick,Ranked,70,27,16,93,17,1,14,99,105,9
2561606780,1,183,All Pick,Public matchmaking,40,14,46,86,36,59,17,107,8,34
2561606765,1,227,All Pick,Public matchmaking,43,56,38,40,84,97,58,46,45,106
2561606764,1,181,Single Draft,Public matchmaking,68,74,50,15,12,35,41,25,36,23
2561606762,1,227,Random Draft,Ranked,26,67,21,99,90,87,16,93,34,32
2561606761,1,151,Ranked All Pick,Ranked,105,1,74,7,106,104,12,44,14,6
2561606760,-1,224,All Pick,Public matchmaking,14,109,70,25,84,33,6,37,1,105
2561606759,1,134,Single Draft,Public matchmaking,81,31,16,11,69,59,109,36,67,23
2561606758,1,227,All Pick,Public matchmaking,57,93,8,3,63,12,27,32,14,98
2561606756,1,156,All Pick,Public matchmaking,8,6,4,109,70,32,14,59,44,35
2561606755,1,204,Ranked All Pick,Ranked,98,8,5,73,9,99,87,86,104,44
2561606754,1,224,Ranked All Pick,Ranked,28,11,2,18,63,79,29,17,62,102
2561606753,-1,188,Ability Draft,Public matchmaking,61,29,65,68,72,102,1,85,4,62
2561606752,1,152,All Pick,Public matchmaking,40,89,62,34,22,86,37,2,44,32
2561606751,1,184,All Pick,Public matchmaking,10,14,44,34,33,101,98,7,42,104
2561606750,1,156,Single Draft,Public matchmaking,37,20,39,1,11,81,4,72,59,43
2561606749,-1,151,All Pick,Public matchmaking,96,4,85,15,59,47,35,25,39,44
2561606748,1,152,Ranked All Pick,Ranked,69,44,5,6,104,73,33,18,55,112
2561606747,-1,223,Random Draft,Public matchmaking,44,51,98,2,74,43,16,6,32,17
2561606745,1,155,Ranked All Pick,Ranked,79,9,11,1,2,96,26,21,10,93
2561606724,-1,183,Single Draft,Public matchmaking,94,53,2,106,104,1,56,66,37,109
2561606723,-1,124,Ranked All Pick,Ranked,101,68,17,59,72,14,80,1,62,63
2561606722,-1,134,Ranked All Pick,Ranked,5,42,34,8,2,31,54,44,9,21
2561606721,-1,131,All Pick,Public matchmaking,48,70,60,35,98,102,34,104,20,5
2561606720,1,155,Single Draft,Public matchmaking,73,104,61,46,48,44,101,56,20,51
2561606718,1,124,Ranked All Pick,Ranked,45,70,41,94,81,79,98,39,60,1
2561606717,1,186,All Pick,Public matchmaking,113,14,30,33,71,59,34,95,7,21
2561606716,-1,153,Ranked All Pick,Ranked,8,98,35,62,30,23,21,50,32,104
2561606715,-1,156,Ranked All Pick,Ranked,74,9,75,36,102,57,2,26,34,56
2561606714,-1,187,All Pick,Public matchmaking,21,34,2,35,44,22,76,7,43,99
2561606713,-1,137,All Pick,Public matchmaking,97,1,29,25,4,54,2,18,23,27
2561606712,1,184,All Pick,Public matchmaking,8,87,55,74,10,44,62,84,5,34
2561606711,1,171,Ranked All Pick,Ranked,102,63,22,9,2,56,71,86,10,4
2561606710,-1,151,All Pick,Public matchmaking,97,8,41,47,25,16,56,2,30,32
2561606709,-1,224,All Pick,Public matchmaking,93,29,75,54,14,111,59,63,85,88
2561606706,1,225,All Pick,Public matchmaking,33,21,74,44,70,93,58,8,75,14
2561606703,1,227,All Pick,Public matchmaking,11,32,4,86,6,22,41,45,35,2
2561606702,1,225,All Pick,Public matchmaking,16,109,41,9,67,10,22,26,84,44
2561606688,-1,152,Ranked All Pick,Ranked,63,40,59,19,68,102,53,93,25,34
2561606687,-1,225,Random Draft,Public matchmaking,47,93,17,54,71,2,36,8,104,19
2561606686,1,204,Single Draft,Public matchmaking,62,46,4,15,75,6,25,56,77,10
2561606685,1,137,Single Draft,Public matchmaking,3,91,49,1,42,96,85,94,61,57
2561606684,-1,156,All Pick,Public matchmaking,2,93,59,14,12,44,11,8,9,6
2561606683,1,134,Ranked All Pick,Ranked,59,86,28,60,76,98,111,93,9,20
2561606682,1,225,All Pick,Public matchmaking,77,101,22,86,47,103,48,32,62,104
2561606680,1,232,Random Draft,Ranked,98,71,34,35,30,97,15,16,8,90
2561606679,1,204,All Pick,Public matchmaking,73,71,27,98,48,10,2,45,14,104
2561606676,1,241,Captains Mode,Public matchmaking,100,94,19,57,63,29,112,37,76,18
2561606675,1,185,Ranked All Pick,Ranked,57,87,34,44,47,46,26,37,8,17
2561606674,1,224,Ranked All Pick,Ranked,93,7,71,9,11,53,51,8,16,99
2561606673,1,241,All Pick,Public matchmaking,105,52,96,13,26,29,91,36,97,3
2561606670,-1,154,Ranked All Pick,Ranked,18,9,93,28,74,32,96,34,44,22
2561606669,-1,188,Single Draft,Public matchmaking,0,56,0,95,76,99,0,0,0,65
2561606668,1,154,All Pick,Public matchmaking,97,44,26,6,104,32,34,59,16,84
2561606667,1,181,Ranked All Pick,Ranked,87,93,50,98,96,101,97,74,9,8
2561606666,1,152,Ranked All Pick,Ranked,79,70,19,87,2,26,9,8,54,17
2561606665,-1,135,Ranked All Pick,Ranked,26,80,41,43,93,9,98,1,36,67
2561606664,1,151,Ranked All Pick,Ranked,43,98,50,44,75,34,42,17,8,68
2561606662,-1,184,All Pick,Public matchmaking,81,83,106,2,98,14,49,16,21,58
2561606661,-1,225,Random Draft,Ranked,4,65,109,17,14,94,36,93,57,84
2561606660,1,188,Single Draft,Public matchmaking,64,12,47,8,42,2,7,104,41,88
2561606659,1,144,All Pick,Public matchmaking,29,7,68,9,6,50,20,98,35,22
2561606633,1,133,Ranked All Pick,Ranked,23,4,101,41,93,1,16,98,17,42
2561606632,1,151,Single Draft,Public matchmaking,93,80,54,15,90,19,98,6,26,60
2561606631,-1,224,All Pick,Public matchmaking,104,8,14,102,17,10,39,9,86,29
2561606630,1,191,Ranked All Pick,Ranked,26,70,2,47,110,72,16,90,32,18
2561606629,1,191,All Pick,Public matchmaking,44,59,93,98,94,2,112,74,60,32
2561606623,-1,191,All Pick,Public matchmaking,77,49,68,54,71,62,6,18,5,2
2561606622,-1,183,All Pick,Public matchmaking,44,14,17,35,82,27,95,93,109,87
2561606621,1,204,Single Draft,Public matchmaking,76,19,14,35,16,59,20,28,7,8
2561606620,1,154,All Pick,Public matchmaking,31,49,95,80,74,104,25,15,70,63
2561606617,1,156,Ranked All Pick,Ranked,44,7,9,50,54,84,23,74,63,49
2561606616,1,224,All Pick,Public matchmaking,25,9,71,8,45,93,22,16,87,104
2561606615,-1,131,All Pick,Public matchmaking,44,11,63,45,32,47,88,78,35,22
2561606612,-1,227,All Pick,Public matchmaking,15,97,106,98,10,29,18,74,62,2
2561606611,-1,186,All Pick,Public matchmaking,6,28,75,96,9,22,32,105,104,44
2561606610,-1,152,Ranked All Pick,Ranked,36,17,44,20,14,41,32,82,9,67
2561606609,1,131,All Random,Public matchmaking,56,63,22,103,79,99,59,27,50,32
2561606608,1,151,All Pick,Public matchmaking,44,6,51,26,67,14,99,31,74,48
2561606607,1,138,All Pick,Public matchmaking,59,88,102,110,13,14,5,2,36,85
2561606606,1,156,All Pick,Public matchmaking,14,44,32,22,106,55,46,59,6,95
2561606605,1,151,All Pick,Public matchmaking,104,9,48,44,22,93,106,25,23,16
2561606603,1,155,Ranked All Pick,Ranked,11,41,26,106,84,70,87,6,98,63
2561606575,-1,223,Ranked All Pick,Ranked,85,6,87,98,4,14,105,9,76,29
2561606574,-1,137,Ranked All Pick,Ranked,104,22,19,25,2,9,107,50,6,14
2561606573,1,153,Single Draft,Public matchmaking,1,64,26,72,74,9,96,41,49,101
2561606572,1,188,Ranked All Pick,Ranked,39,23,31,8,28,45,14,74,44,47
2561606570,-1,225,All Pick,Public matchmaking,86,14,8,26,46,104,54,44,71,27
2561606568,-1,191,All Pick,Public matchmaking,74,5,70,54,82,32,97,16,18,31
2561606566,1,152,All Pick,Public matchmaking,74,2,44,28,29,62,51,36,87,84
2561606565,-1,154,Ranked All Pick,Ranked,13,7,2,45,1,104,44,36,9,25
2561606564,1,223,Random Draft,Public matchmaking,98,22,35,21,54,56,19,57,26,15
2561606563,-1,204,Ranked All Pick,Ranked,84,17,71,12,74,34,36,92,8,99
2561606562,1,227,All Pick,Public matchmaking,44,73,8,2,90,4,10,52,14,35
2561606561,-1,227,All Pick,Public matchmaking,75,21,6,112,96,103,3,106,90,81
2561606560,-1,135,Ranked All Pick,Ranked,71,107,44,26,76,74,37,84,1,11
2561606559,-1,133,Ranked All Pick,Ranked,1,8,5,21,31,104,36,67,54,16
2561606558,-1,134,Captains Mode,Ranked,67,69,40,97,31,76,98,20,112,93
2561606557,-1,156,All Pick,Public matchmaking,105,6,13,28,5,44,106,26,18,97
2561606556,1,182,Single Draft,Public matchmaking,54,91,74,94,29,101,3,67,32,36
2561606555,-1,144,All Pick,Public matchmaking,58,39,54,103,47,85,16,40,44,21
2561606554,-1,131,Single Draft,Public matchmaking,110,19,47,86,2,102,99,94,95,42
2561606553,1,183,Single Draft,Public matchmaking,98,69,44,43,40,10,63,28,41,17
2561606552,-1,204,Ranked All Pick,Ranked,86,34,10,42,74,104,44,103,6,90
2561606528,-1,133,All Pick,Public matchmaking,26,53,44,74,13,9,1,2,41,6
2561606526,1,156,Ranked All Pick,Ranked,72,49,62,16,41,98,84,56,42,9
2561606525,-1,151,Ranked All Pick,Ranked,9,44,5,32,35,81,42,20,71,6
2561606524,1,223,Random Draft,Ranked,94,27,41,20,9,14,91,30,104,77
2561606523,1,171,All Pick,Public matchmaking,2,98,9,102,32,56,14,8,28,48
2561606521,1,152,Single Draft,Public matchmaking,71,93,63,26,7,56,47,9,35,74
2561606520,1,152,Ranked All Pick,Ranked,41,106,85,84,93,9,32,76,96,30
2561606519,-1,155,Ranked All Pick,Ranked,20,14,93,16,35,99,64,105,9,8
2561606517,1,144,Single Draft,Public matchmaking,95,39,9,103,21,80,94,44,10,56
2561606516,1,135,All Pick,Public matchmaking,21,64,44,25,14,10,59,8,32,6
2561606515,-1,155,Ranked All Pick,Ranked,23,33,46,18,37,112,94,9,14,41
2561606514,1,154,Single Draft,Public matchmaking,8,21,62,22,9,47,32,67,57,85
2561606501,-1,154,All Pick,Public matchmaking,86,76,14,44,80,59,106,6,50,9
2561606500,1,227,Ability Draft,Public matchmaking,88,29,58,60,27,50,59,41,42,109
2561606499,1,153,All Pick,Public matchmaking,14,44,41,59,28,111,93,98,11,21
2561606498,1,232,Ranked All Pick,Ranked,5,28,53,13,44,8,9,14,93,85
2561606497,1,188,All Pick,Public matchmaking,73,10,8,14,56,104,51,12,17,44
2561606496,1,153,All Pick,Public matchmaking,13,44,12,18,104,62,4,7,86,73
2561606495,-1,225,All Pick,Public matchmaking,9,25,84,93,32,19,85,44,55,86
2561606493,1,123,Ranked All Pick,Ranked,95,94,49,14,44,54,104,4,111,59
2561606492,-1,183,Ranked All Pick,Ranked,66,98,8,74,96,54,9,1,52,56
2561606491,1,138,Ranked All Pick,Ranked,6,9,92,48,97,26,54,73,85,63
2561606488,-1,138,Ranked All Pick,Ranked,44,71,106,98,86,76,62,8,5,55
2561606487,-1,152,Ranked All Pick,Ranked,14,29,28,46,98,73,71,57,9,18
2561606486,1,123,Ranked All Pick,Ranked,26,9,14,93,44,36,8,98,5,16
2561606485,1,153,All Pick,Public matchmaking,23,8,86,20,9,2,87,41,74,97
2561606484,-1,145,All Pick,Public matchmaking,88,71,104,7,9,44,10,32,26,43
2561606483,1,154,Ranked All Pick,Ranked,67,22,93,53,14,87,9,63,11,2
2561606482,1,225,Random Draft,Ranked,46,81,75,39,23,9,85,112,10,74
2561606480,-1,187,Ranked All Pick,Ranked,104,28,70,90,75,79,21,35,73,1
2561606478,-1,153,All Pick,Public matchmaking,39,90,44,71,26,14,86,42,59,9
2561606477,1,225,Ranked All Pick,Ranked,14,5,98,74,44,85,9,93,28,62
2561606476,-1,153,Single Draft,Public matchmaking,18,88,112,11,63,101,68,42,41,38
2561606475,1,121,Single Draft,Public matchmaking,54,32,36,19,78,88,60,99,40,59
2561606474,-1,188,Ranked All Pick,Ranked,104,30,27,6,8,99,32,39,56,74
2561606472,1,231,All Pick,Public matchmaking,57,67,64,34,14,98,90,10,9,56
2561606471,1,182,Captains Mode,Ranked,29,40,23,57,18,50,101,69,37,67
2561606470,-1,227,All Pick,Public matchmaking,32,26,9,104,106,20,6,17,41,93
2561606469,-1,155,Ranked All Pick,Ranked,14,93,104,5,8,4,102,74,25,35
2561606452,-1,225,Ranked All Pick,Ranked,8,104,100,99,6,29,85,96,17,18
2561606448,1,145,All Pick,Public matchmaking,44,26,42,93,35,77,73,25,9,94
2561606447,-1,224,Single Draft,Public matchmaking,104,112,27,96,35,25,70,8,28,63
2561606446,1,135,All Pick,Public matchmaking,82,57,70,104,52,6,87,7,14,26
2561606442,-1,151,Ranked All Pick,Ranked,57,87,49,6,54,8,68,50,39,18
2561606441,1,183,Ability Draft,Public matchmaking,41,36,70,31,17,2,16,58,104,99
2561606440,1,155,Ability Draft,Public matchmaking,40,42,71,27,55,49,78,32,14,43
2561606439,1,181,All Pick,Public matchmaking,13,74,4,2,50,23,35,71,12,39
2561606438,-1,151,All Pick,Public matchmaking,1,29,25,81,35,67,44,11,7,94
2561606437,1,184,All Pick,Public matchmaking,2,1,32,93,25,22,14,44,8,5
2561606436,1,224,Random Draft,Ranked,41,90,70,88,25,2,98,54,86,47
2561606435,-1,225,All Pick,Public matchmaking,8,101,51,84,90,31,88,1,17,98
2561606433,-1,151,Ranked All Pick,Ranked,97,35,70,14,30,21,26,104,28,48
2561606432,1,231,Ranked All Pick,Ranked,43,6,20,7,48,2,75,9,93,14
2561606431,1,231,Random Draft,Public matchmaking,29,36,46,98,90,38,9,84,18,66
2561606430,-1,155,Ranked All Pick,Ranked,8,39,87,104,28,57,14,18,94,50
2561606429,1,227,Ranked All Pick,Ranked,2,74,9,93,71,4,17,53,99,44
2561606427,-1,152,All Pick,Public matchmaking,19,30,98,17,1,8,36,44,71,48
2561606426,-1,151,All Pick,Public matchmaking,86,59,44,68,104,11,9,8,31,84
2561606425,-1,187,All Pick,Public matchmaking,82,17,25,87,38,57,2,54,94,44
2561606423,-1,191,All Pick,Public matchmaking,18,54,19,14,27,102,6,98,42,90
2561606422,1,136,Ranked All Pick,Ranked,57,50,73,44,2,83,8,51,34,104
2561606406,-1,138,Ranked All Pick,Ranked,110,98,3,8,17,74,25,85,10,86
2561606405,-1,182,Single Draft,Public matchmaking,71,25,59,58,1,70,35,46,21,27
2561606404,-1,232,Random Draft,Ranked,36,56,10,5,22,42,88,59,87,74
2561606403,1,231,Single Draft,Public matchmaking,26,67,21,35,62,80,41,60,45,23
2561606402,1,204,All Pick,Public matchmaking,14,71,41,79,94,73,44,11,99,105
2561606400,1,145,All Pick,Public matchmaking,86,94,70,60,2,12,33,104,106,1
2561606399,-1,227,Random Draft,Public matchmaking,7,16,93,25,28,11,9,88,64,112
2561606398,-1,185,Single Draft,Public matchmaking,74,107,8,93,95,106,91,81,104,20
2561606397,1,136,Ranked All Pick,Ranked,18,31,15,67,33,68,39,2,93,104
2561606396,-1,227,Random Draft,Ranked,26,39,67,47,32,13,80,93,38,25
2561606395,-1,185,All Random Death Match,Public matchmaking,15,61,85,107,35,16,102,101,29,106
2561606394,1,224,All Pick,Public matchmaking,38,112,8,9,18,39,27,59,4,15
2561606393,-1,187,Single Draft,Public matchmaking,95,46,47,26,71,51,81,72,25,33
2561606392,-1,224,All Pick,Public matchmaking,84,15,36,73,69,42,35,30,71,75
2561606391,1,136,All Pick,Public matchmaking,32,34,53,84,93,13,33,74,8,30
2561606390,1,186,Ranked All Pick,Ranked,41,53,25,13,9,74,32,89,40,98
2561606388,-1,121,Ranked All Pick,Ranked,46,54,12,81,74,39,67,41,26,63
2561606387,-1,133,All Pick,Public matchmaking,71,54,2,41,34,102,106,14,31,32
2561606385,1,227,All Pick,Public matchmaking,72,2,20,43,42,32,65,8,107,53
2561606384,-1,137,All Pick,Public matchmaking,33,103,14,32,16,56,57,40,48,8
2561606363,-1,151,Ranked All Pick,Ranked,59,44,62,22,20,8,53,54,28,35
2561606362,-1,184,Ranked All Pick,Ranked,56,98,111,9,8,74,57,96,110,70
2561606361,1,225,Random Draft,Ranked,104,96,11,63,110,8,73,2,37,36
2561606359,1,151,All Pick,Public matchmaking,104,97,54,100,17,53,29,101,47,18
2561606358,1,227,All Pick,Public matchmaking,28,31,81,14,17,29,62,55,90,63
2561606357,1,227,All Pick,Public matchmaking,1,2,84,23,78,101,6,16,9,104
2561606356,-1,183,All Pick,Public matchmaking,27,104,52,67,66,8,93,71,33,96
2561606355,-1,181,Ability Draft,Public matchmaking,41,59,57,54,43,83,26,34,71,44
2561606354,1,151,All Pick,Public matchmaking,17,9,44,59,6,73,75,18,106,4
2561606353,-1,152,Single Draft,Public matchmaking,98,16,33,18,52,15,69,70,63,27
2561606352,1,223,All Pick,Public matchmaking,54,36,32,31,42,67,104,74,16,88
2561606351,-1,156,Ranked All Pick,Ranked,46,8,4,35,44,21,28,42,70,6
2561606350,1,182,Ranked All Pick,Ranked,70,47,56,67,1,14,35,4,5,53
2561606349,-1,227,Ranked All Pick,Ranked,111,73,26,99,53,93,68,10,17,76
2561606348,-1,134,Random Draft,Ranked,2,110,18,75,98,112,93,4,74,51
2561606347,-1,152,Ranked All Pick,Ranked,64,109,53,93,1,56,73,99,87,106
2561606345,-1,241,All Pick,Public matchmaking,4,22,18,3,21,98,26,44,15,27
2561606343,-1,152,All Pick,Public matchmaking,34,95,14,27,71,13,8,68,19,6
2561606342,-1,155,All Pick,Public matchmaking,1,74,54,70,73,14,20,10,93,71
2561606340,1,187,Ranked All Pick,Ranked,111,5,94,9,51,17,70,7,16,28
2561606339,-1,154,Ranked All Pick,Ranked,2,87,104,6,18,68,35,29,112,41
2561606338,-1,152,Ranked All Pick,Ranked,2,85,112,23,73,29,26,6,109,62
2561606337,1,204,All Pick,Public matchmaking,34,43,86,62,93,16,88,26,73,9
2561606321,1,156,All Pick,Public matchmaking,18,62,2,55,58,67,34,65,44,104
2561606320,1,223,Ranked All Pick,Ranked,88,96,6,90,94,9,2,74,12,14
2561606318,-1,151,All Pick,Public matchmaking,4,29,25,44,53,35,5,81,22,6
2561606317,-1,224,Random Draft,Public matchmaking,21,39,76,42,71,48,73,103,29,32
2561606314,1,261,All Pick,Public matchmaking,32,49,75,47,62,63,90,22,73,104
2561606313,-1,224,All Pick,Public matchmaking,57,42,18,85,17,36,2,22,44,28
2561606312,1,154,Ranked All Pick,Ranked,85,76,9,18,5,56,33,11,14,32
2561606311,1,192,All Pick,Public matchmaking,85,5,44,47,72,68,3,35,18,70
2561606310,-1,133,Ranked All Pick,Ranked,53,39,111,85,44,95,28,26,104,2
2561606309,-1,124,Ranked All Pick,Ranked,57,48,2,34,98,65,70,1,62,26
2561606308,-1,186,All Pick,Public matchmaking,59,105,109,32,81,82,2,10,3,99
2561606303,-1,232,All Pick,Public matchmaking,44,107,104,43,70,83,63,98,2,18
2561606301,-1,121,All Pick,Public matchmaking,43,19,113,14,9,17,93,74,50,4
2561606300,-1,224,Random Draft,Public matchmaking,14,23,6,69,39,67,41,31,5,49
2561606299,1,223,Random Draft,Public matchmaking,44,9,88,104,10,14,79,99,98,93
2561606291,1,188,Single Draft,Public matchmaking,20,109,42,90,32,2,21,105,56,46
2561606290,1,153,Ranked All Pick,Ranked,82,104,93,75,29,98,4,43,28,64
2561606289,-1,154,All Pick,Public matchmaking,46,56,2,14,68,51,36,27,40,9
2561606288,1,136,All Pick,Public matchmaking,88,36,44,81,16,59,6,112,21,79
2561606287,-1,182,All Pick,Public matchmaking,14,86,7,93,17,36,12,20,9,18
2561606286,1,154,Ranked All Pick,Ranked,1,73,6,18,98,50,14,35,84,44
2561606285,1,182,Single Draft,Public matchmaking,81,30,93,104,63,43,29,94,79,35
2561606284,-1,132,Ranked All Pick,Ranked,55,84,74,99,18,11,104,6,97,45
2561606282,-1,186,All Pick,Public matchmaking,101,17,34,9,23,22,30,44,8,3
2561606281,-1,181,Random Draft,Ranked,7,27,42,56,36,88,81,35,103,44
2561606264,1,156,Single Draft,Public matchmaking,49,36,32,102,21,95,87,37,70,109
2561606263,1,153,All Pick,Public matchmaking,112,14,93,6,39,100,20,35,91,51
2561606262,1,227,Random Draft,Ranked,2,14,34,112,67,41,73,5,87,18
2561606261,1,223,Random Draft,Public matchmaking,2,5,16,48,9,62,8,27,57,21
2561606259,-1,224,Ranked All Pick,Ranked,32,62,75,48,63,23,21,74,19,9
2561606258,1,184,Ranked All Pick,Ranked,74,97,88,42,62,10,75,44,25,17
2561606256,1,134,All Pick,Public matchmaking,8,6,72,2,9,52,35,27,32,42
2561606255,-1,185,All Pick,Public matchmaking,89,10,74,82,97,26,21,86,32,9
2561606254,1,191,All Pick,Public matchmaking,32,14,60,62,5,6,44,11,104,19
2561606253,-1,151,Ranked All Pick,Ranked,74,67,75,2,98,79,106,111,41,10
2561606252,1,182,All Pick,Public matchmaking,35,46,59,11,83,44,42,74,36,34
2561606251,-1,227,Random Draft,Public matchmaking,8,19,53,98,104,96,11,9,23,85
2561606250,1,224,All Pick,Public matchmaking,88,102,44,39,9,84,6,85,15,93
2561606249,1,138,Ranked All Pick,Ranked,98,50,9,34,18,74,65,86,6,54
2561606248,-1,192,All Pick,Public matchmaking,84,102,70,34,68,63,41,35,16,9
2561606247,1,156,All Pick,Public matchmaking,35,11,73,5,6,54,48,33,32,95
2561606246,1,155,Ranked All Pick,Ranked,9,22,16,18,48,74,93,62,32,54
2561606245,1,182,Single Draft,Public matchmaking,75,81,54,32,6,40,15,89,106,68
2561606244,1,154,All Pick,Public matchmaking,14,44,25,5,78,12,46,58,3,28
2561606243,-1,224,All Pick,Public matchmaking,101,104,18,84,26,8,44,14,74,33
2561606240,-1,138,Ranked All Pick,Ranked,31,41,74,49,1,4,44,14,88,23
2561606239,1,171,All Pick,Public matchmaking,73,90,18,48,84,23,99,75,2,32
2561606238,1,185,Single Draft,Public matchmaking,4,45,41,57,43,44,78,5,26,3
2561606237,1,184,Single Draft,Public matchmaking,43,100,42,47,92,48,70,85,104,27
2561606236,1,151,Ranked All Pick,Ranked,55,98,44,35,10,32,2,15,9,110
2561606234,-1,231,Random Draft,Ranked,9,21,54,38,2,46,23,32,41,68
2561606232,-1,138,Ranked All Pick,Ranked,23,6,87,2,8,27,61,55,46,52
2561606231,-1,225,All Pick,Public matchmaking,2,10,14,52,51,84,8,25,16,9
2561606229,-1,187,Single Draft,Public matchmaking,30,93,46,19,4,23,36,28,70,75
2561606228,1,225,All Pick,Public matchmaking,20,63,7,4,17,62,18,98,14,29
2561606227,1,227,Ranked All Pick,Ranked,74,11,6,14,93,35,22,3,62,54
2561606224,1,231,All Pick,Public matchmaking,39,7,56,14,8,23,75,11,54,86
2561606223,1,156,Single Draft,Public matchmaking,95,4,71,11,51,55,41,8,32,7
2561606222,1,192,All Pick,Public matchmaking,60,98,104,86,93,23,9,34,73,40
